This file contains any messages produced by compilers while
running configure, to aid debugging if configure makes a mistake.

It was created by cyassl configure 3.3.2, which was
generated by GNU Autoconf 2.69.  Invocation command line was

  $ ./configure --host= --disable-shared --prefix=/home/cgm/libexositehttp/ext-library/cyassl/../..

## --------- ##
## Platform. ##
## --------- ##

hostname = cgm-VirtualBox
uname -m = x86_64
uname -r = 3.19.0-15-generic
uname -s = Linux
uname -v = #15-Ubuntu SMP Thu Apr 16 23:32:37 UTC 2015

/usr/bin/uname -p = unknown
/bin/uname -X     = unknown

/bin/arch              = unknown
/usr/bin/arch -k       = unknown
/usr/convex/getsysinfo = unknown
/usr/bin/hostinfo      = unknown
/bin/machine           = unknown
/usr/bin/oslevel       = unknown
/bin/universe          = unknown

PATH: /usr/local/sbin
PATH: /usr/local/bin
PATH: /usr/sbin
PATH: /usr/bin
PATH: /sbin
PATH: /bin
PATH: /usr/games
PATH: /usr/local/games


## ----------- ##
## Core tests. ##
## ----------- ##

configure:2959: checking build system type
configure:2973: result: x86_64-unknown-linux-gnu
configure:2993: checking host system type
configure:3006: result: x86_64-unknown-linux-gnu
configure:3044: checking for a BSD-compatible install
configure:3112: result: /usr/bin/install -c
configure:3123: checking whether build environment is sane
configure:3178: result: yes
configure:3329: checking for a thread-safe mkdir -p
configure:3368: result: /bin/mkdir -p
configure:3375: checking for gawk
configure:3405: result: no
configure:3375: checking for mawk
configure:3391: found /usr/bin/mawk
configure:3402: result: mawk
configure:3413: checking whether make sets $(MAKE)
configure:3435: result: yes
configure:3464: checking whether make supports nested variables
configure:3481: result: yes
configure:3561: checking whether UID '1000' is supported by ustar format
configure:3564: result: yes
configure:3571: checking whether GID '1000' is supported by ustar format
configure:3574: result: yes
configure:3582: checking how to create a ustar tar archive
configure:3593: tar --version
tar (GNU tar) 1.27.1
Copyright (C) 2013 Free Software Foundation, Inc.
License GPLv3+: GNU GPL version 3 or later <http://gnu.org/licenses/gpl.html>.
This is free software: you are free to change and redistribute it.
There is NO WARRANTY, to the extent permitted by law.

Written by John Gilmore and Jay Fenlason.
configure:3596: $? = 0
configure:3636: tardir=conftest.dir && eval tar --format=ustar -chf - "$tardir" >conftest.tar
configure:3639: $? = 0
configure:3643: tar -xf - <conftest.tar
configure:3646: $? = 0
configure:3648: cat conftest.dir/file
GrepMe
configure:3651: $? = 0
configure:3664: result: gnutar
configure:3790: checking how to print strings
configure:3817: result: printf
configure:3850: checking for style of include used by make
configure:3878: result: GNU
configure:3949: checking for gcc
configure:3965: found /usr/bin/gcc
configure:3976: result: gcc
configure:4205: checking for C compiler version
configure:4214: gcc --version >&5
gcc (Ubuntu 4.9.2-10ubuntu13) 4.9.2
Copyright (C) 2014 Free Software Foundation, Inc.
This is free software; see the source for copying conditions.  There is NO
warranty; not even for MERCHANTABILITY or FITNESS FOR A PARTICULAR PURPOSE.

configure:4225: $? = 0
configure:4214: gcc -v >&5
Using built-in specs.
COLLECT_GCC=gcc
COLLECT_LTO_WRAPPER=/usr/lib/gcc/x86_64-linux-gnu/4.9/lto-wrapper
Target: x86_64-linux-gnu
Configured with: ../src/configure -v --with-pkgversion='Ubuntu 4.9.2-10ubuntu13' --with-bugurl=file:///usr/share/doc/gcc-4.9/README.Bugs --enable-languages=c,c++,java,go,d,fortran,objc,obj-c++ --prefix=/usr --program-suffix=-4.9 --enable-shared --enable-linker-build-id --libexecdir=/usr/lib --without-included-gettext --enable-threads=posix --with-gxx-include-dir=/usr/include/c++/4.9 --libdir=/usr/lib --enable-nls --with-sysroot=/ --enable-clocale=gnu --enable-libstdcxx-debug --enable-libstdcxx-time=yes --enable-gnu-unique-object --disable-vtable-verify --enable-plugin --with-system-zlib --disable-browser-plugin --enable-java-awt=gtk --enable-gtk-cairo --with-java-home=/usr/lib/jvm/java-1.5.0-gcj-4.9-amd64/jre --enable-java-home --with-jvm-root-dir=/usr/lib/jvm/java-1.5.0-gcj-4.9-amd64 --with-jvm-jar-dir=/usr/lib/jvm-exports/java-1.5.0-gcj-4.9-amd64 --with-arch-directory=amd64 --with-ecj-jar=/usr/share/java/eclipse-ecj.jar --enable-objc-gc --enable-multiarch --disable-werror --with-arch-32=i686 --with-abi=m64 --with-multilib-list=m32,m64,mx32 --enable-multilib --with-tune=generic --enable-checking=release --build=x86_64-linux-gnu --host=x86_64-linux-gnu --target=x86_64-linux-gnu
Thread model: posix
gcc version 4.9.2 (Ubuntu 4.9.2-10ubuntu13) 
configure:4225: $? = 0
configure:4214: gcc -V >&5
gcc: error: unrecognized command line option '-V'
gcc: fatal error: no input files
compilation terminated.
configure:4225: $? = 4
configure:4214: gcc -qversion >&5
gcc: error: unrecognized command line option '-qversion'
gcc: fatal error: no input files
compilation terminated.
configure:4225: $? = 4
configure:4245: checking whether the C compiler works
configure:4267: gcc    conftest.c  >&5
configure:4271: $? = 0
configure:4319: result: yes
configure:4322: checking for C compiler default output file name
configure:4324: result: a.out
configure:4330: checking for suffix of executables
configure:4337: gcc -o conftest    conftest.c  >&5
configure:4341: $? = 0
configure:4363: result: 
configure:4385: checking whether we are cross compiling
configure:4393: gcc -o conftest    conftest.c  >&5
configure:4397: $? = 0
configure:4404: ./conftest
configure:4408: $? = 0
configure:4423: result: no
configure:4428: checking for suffix of object files
configure:4450: gcc -c   conftest.c >&5
configure:4454: $? = 0
configure:4475: result: o
configure:4479: checking whether we are using the GNU C compiler
configure:4498: gcc -c   conftest.c >&5
configure:4498: $? = 0
configure:4507: result: yes
configure:4516: checking whether gcc accepts -g
configure:4536: gcc -c -g  conftest.c >&5
configure:4536: $? = 0
configure:4577: result: yes
configure:4594: checking for gcc option to accept ISO C89
configure:4657: gcc  -c -g -O2  conftest.c >&5
configure:4657: $? = 0
configure:4670: result: none needed
configure:4695: checking whether gcc understands -c and -o together
configure:4717: gcc -c conftest.c -o conftest2.o
configure:4720: $? = 0
configure:4717: gcc -c conftest.c -o conftest2.o
configure:4720: $? = 0
configure:4732: result: yes
configure:4751: checking dependency style of gcc
configure:4862: result: gcc3
configure:4877: checking for a sed that does not truncate output
configure:4941: result: /bin/sed
configure:4959: checking for grep that handles long lines and -e
configure:5017: result: /bin/grep
configure:5022: checking for egrep
configure:5084: result: /bin/grep -E
configure:5089: checking for fgrep
configure:5151: result: /bin/grep -F
configure:5186: checking for ld used by gcc
configure:5253: result: /usr/bin/ld
configure:5260: checking if the linker (/usr/bin/ld) is GNU ld
configure:5275: result: yes
configure:5287: checking for BSD- or MS-compatible name lister (nm)
configure:5336: result: /usr/bin/nm -B
configure:5466: checking the name lister (/usr/bin/nm -B) interface
configure:5473: gcc -c -g -O2  conftest.c >&5
configure:5476: /usr/bin/nm -B "conftest.o"
configure:5479: output
0000000000000000 B some_variable
configure:5486: result: BSD nm
configure:5489: checking whether ln -s works
configure:5493: result: yes
configure:5501: checking the maximum length of command line arguments
configure:5632: result: 1572864
configure:5649: checking whether the shell understands some XSI constructs
configure:5659: result: yes
configure:5663: checking whether the shell understands "+="
configure:5669: result: yes
configure:5704: checking how to convert x86_64-unknown-linux-gnu file names to x86_64-unknown-linux-gnu format
configure:5744: result: func_convert_file_noop
configure:5751: checking how to convert x86_64-unknown-linux-gnu file names to toolchain format
configure:5771: result: func_convert_file_noop
configure:5778: checking for /usr/bin/ld option to reload object files
configure:5785: result: -r
configure:5859: checking for objdump
configure:5875: found /usr/bin/objdump
configure:5886: result: objdump
configure:5918: checking how to recognize dependent libraries
configure:6116: result: pass_all
configure:6201: checking for dlltool
configure:6231: result: no
configure:6261: checking how to associate runtime and link libraries
configure:6288: result: printf %s\n
configure:6349: checking for ar
configure:6365: found /usr/bin/ar
configure:6376: result: ar
configure:6413: checking for archiver @FILE support
configure:6430: gcc -c -g -O2  conftest.c >&5
configure:6430: $? = 0
configure:6433: ar cru libconftest.a @conftest.lst >&5
configure:6436: $? = 0
configure:6441: ar cru libconftest.a @conftest.lst >&5
ar: conftest.o: No such file or directory
configure:6444: $? = 1
configure:6456: result: @
configure:6514: checking for strip
configure:6530: found /usr/bin/strip
configure:6541: result: strip
configure:6613: checking for ranlib
configure:6629: found /usr/bin/ranlib
configure:6640: result: ranlib
configure:6742: checking command to parse /usr/bin/nm -B output from gcc object
configure:6862: gcc -c -g -O2  conftest.c >&5
configure:6865: $? = 0
configure:6869: /usr/bin/nm -B conftest.o \| sed -n -e 's/^.*[ ]\([ABCDGIRSTW][ABCDGIRSTW]*\)[ ][ ]*\([_A-Za-z][_A-Za-z0-9]*\)$/\1 \2 \2/p' | sed '/ __gnu_lto/d' \> conftest.nm
configure:6872: $? = 0
configure:6938: gcc -o conftest -g -O2   conftest.c conftstm.o >&5
configure:6941: $? = 0
configure:6979: result: ok
configure:7016: checking for sysroot
configure:7046: result: no
configure:7123: gcc -c -g -O2  conftest.c >&5
configure:7126: $? = 0
configure:7315: checking for mt
configure:7331: found /bin/mt
configure:7342: result: mt
configure:7365: checking if mt is a manifest tool
configure:7371: mt '-?'
configure:7379: result: no
configure:8021: checking how to run the C preprocessor
configure:8052: gcc -E  conftest.c
configure:8052: $? = 0
configure:8066: gcc -E  conftest.c
conftest.c:9:28: fatal error: ac_nonexistent.h: No such file or directory
 #include <ac_nonexistent.h>
                            ^
compilation terminated.
configure:8066: $? = 1
configure: failed program was:
| /* confdefs.h */
| #define PACKAGE_NAME "cyassl"
| #define PACKAGE_TARNAME "cyassl"
| #define PACKAGE_VERSION "3.3.2"
| #define PACKAGE_STRING "cyassl 3.3.2"
| #define PACKAGE_BUGREPORT "https://github.com/cyassl/cyassl/issues"
| #define PACKAGE_URL "http://www.wolfssl.com"
| /* end confdefs.h.  */
| #include <ac_nonexistent.h>
configure:8091: result: gcc -E
configure:8111: gcc -E  conftest.c
configure:8111: $? = 0
configure:8125: gcc -E  conftest.c
conftest.c:9:28: fatal error: ac_nonexistent.h: No such file or directory
 #include <ac_nonexistent.h>
                            ^
compilation terminated.
configure:8125: $? = 1
configure: failed program was:
| /* confdefs.h */
| #define PACKAGE_NAME "cyassl"
| #define PACKAGE_TARNAME "cyassl"
| #define PACKAGE_VERSION "3.3.2"
| #define PACKAGE_STRING "cyassl 3.3.2"
| #define PACKAGE_BUGREPORT "https://github.com/cyassl/cyassl/issues"
| #define PACKAGE_URL "http://www.wolfssl.com"
| /* end confdefs.h.  */
| #include <ac_nonexistent.h>
configure:8154: checking for ANSI C header files
configure:8174: gcc -c -g -O2  conftest.c >&5
configure:8174: $? = 0
configure:8247: gcc -o conftest -g -O2   conftest.c  >&5
configure:8247: $? = 0
configure:8247: ./conftest
configure:8247: $? = 0
configure:8258: result: yes
configure:8271: checking for sys/types.h
configure:8271: gcc -c -g -O2  conftest.c >&5
configure:8271: $? = 0
configure:8271: result: yes
configure:8271: checking for sys/stat.h
configure:8271: gcc -c -g -O2  conftest.c >&5
configure:8271: $? = 0
configure:8271: result: yes
configure:8271: checking for stdlib.h
configure:8271: gcc -c -g -O2  conftest.c >&5
configure:8271: $? = 0
configure:8271: result: yes
configure:8271: checking for string.h
configure:8271: gcc -c -g -O2  conftest.c >&5
configure:8271: $? = 0
configure:8271: result: yes
configure:8271: checking for memory.h
configure:8271: gcc -c -g -O2  conftest.c >&5
configure:8271: $? = 0
configure:8271: result: yes
configure:8271: checking for strings.h
configure:8271: gcc -c -g -O2  conftest.c >&5
configure:8271: $? = 0
configure:8271: result: yes
configure:8271: checking for inttypes.h
configure:8271: gcc -c -g -O2  conftest.c >&5
configure:8271: $? = 0
configure:8271: result: yes
configure:8271: checking for stdint.h
configure:8271: gcc -c -g -O2  conftest.c >&5
configure:8271: $? = 0
configure:8271: result: yes
configure:8271: checking for unistd.h
configure:8271: gcc -c -g -O2  conftest.c >&5
configure:8271: $? = 0
configure:8271: result: yes
configure:8285: checking for dlfcn.h
configure:8285: gcc -c -g -O2  conftest.c >&5
configure:8285: $? = 0
configure:8285: result: yes
configure:8490: checking for objdir
configure:8505: result: .libs
configure:8776: checking if gcc supports -fno-rtti -fno-exceptions
configure:8794: gcc -c -g -O2  -fno-rtti -fno-exceptions conftest.c >&5
cc1: warning: command line option '-fno-rtti' is valid for C++/ObjC++ but not for C
configure:8798: $? = 0
configure:8811: result: no
configure:9138: checking for gcc option to produce PIC
configure:9145: result: -fPIC -DPIC
configure:9153: checking if gcc PIC flag -fPIC -DPIC works
configure:9171: gcc -c -g -O2  -fPIC -DPIC -DPIC conftest.c >&5
configure:9175: $? = 0
configure:9188: result: yes
configure:9217: checking if gcc static flag -static works
configure:9245: result: yes
configure:9260: checking if gcc supports -c -o file.o
configure:9281: gcc -c -g -O2  -o out/conftest2.o conftest.c >&5
configure:9285: $? = 0
configure:9307: result: yes
configure:9315: checking if gcc supports -c -o file.o
configure:9362: result: yes
configure:9395: checking whether the gcc linker (/usr/bin/ld -m elf_x86_64) supports shared libraries
configure:10552: result: yes
configure:10792: checking dynamic linker characteristics
configure:11292: gcc -o conftest -g -O2   -Wl,-rpath -Wl,/foo conftest.c  >&5
configure:11292: $? = 0
configure:11526: result: GNU/Linux ld.so
configure:11633: checking how to hardcode library paths into programs
configure:11658: result: immediate
configure:12198: checking whether stripping libraries is possible
configure:12203: result: yes
configure:12238: checking if libtool supports shared libraries
configure:12240: result: yes
configure:12243: checking whether to build shared libraries
configure:12264: result: no
configure:12267: checking whether to build static libraries
configure:12271: result: yes
configure:12366: checking for g++
configure:12382: found /usr/bin/g++
configure:12393: result: g++
configure:12420: checking for C++ compiler version
configure:12429: g++ --version >&5
g++ (Ubuntu 4.9.2-10ubuntu13) 4.9.2
Copyright (C) 2014 Free Software Foundation, Inc.
This is free software; see the source for copying conditions.  There is NO
warranty; not even for MERCHANTABILITY or FITNESS FOR A PARTICULAR PURPOSE.

configure:12440: $? = 0
configure:12429: g++ -v >&5
Using built-in specs.
COLLECT_GCC=g++
COLLECT_LTO_WRAPPER=/usr/lib/gcc/x86_64-linux-gnu/4.9/lto-wrapper
Target: x86_64-linux-gnu
Configured with: ../src/configure -v --with-pkgversion='Ubuntu 4.9.2-10ubuntu13' --with-bugurl=file:///usr/share/doc/gcc-4.9/README.Bugs --enable-languages=c,c++,java,go,d,fortran,objc,obj-c++ --prefix=/usr --program-suffix=-4.9 --enable-shared --enable-linker-build-id --libexecdir=/usr/lib --without-included-gettext --enable-threads=posix --with-gxx-include-dir=/usr/include/c++/4.9 --libdir=/usr/lib --enable-nls --with-sysroot=/ --enable-clocale=gnu --enable-libstdcxx-debug --enable-libstdcxx-time=yes --enable-gnu-unique-object --disable-vtable-verify --enable-plugin --with-system-zlib --disable-browser-plugin --enable-java-awt=gtk --enable-gtk-cairo --with-java-home=/usr/lib/jvm/java-1.5.0-gcj-4.9-amd64/jre --enable-java-home --with-jvm-root-dir=/usr/lib/jvm/java-1.5.0-gcj-4.9-amd64 --with-jvm-jar-dir=/usr/lib/jvm-exports/java-1.5.0-gcj-4.9-amd64 --with-arch-directory=amd64 --with-ecj-jar=/usr/share/java/eclipse-ecj.jar --enable-objc-gc --enable-multiarch --disable-werror --with-arch-32=i686 --with-abi=m64 --with-multilib-list=m32,m64,mx32 --enable-multilib --with-tune=generic --enable-checking=release --build=x86_64-linux-gnu --host=x86_64-linux-gnu --target=x86_64-linux-gnu
Thread model: posix
gcc version 4.9.2 (Ubuntu 4.9.2-10ubuntu13) 
configure:12440: $? = 0
configure:12429: g++ -V >&5
g++: error: unrecognized command line option '-V'
g++: fatal error: no input files
compilation terminated.
configure:12440: $? = 4
configure:12429: g++ -qversion >&5
g++: error: unrecognized command line option '-qversion'
g++: fatal error: no input files
compilation terminated.
configure:12440: $? = 4
configure:12444: checking whether we are using the GNU C++ compiler
configure:12463: g++ -c   conftest.cpp >&5
configure:12463: $? = 0
configure:12472: result: yes
configure:12481: checking whether g++ accepts -g
configure:12501: g++ -c -g  conftest.cpp >&5
configure:12501: $? = 0
configure:12542: result: yes
configure:12567: checking dependency style of g++
configure:12678: result: gcc3
configure:12712: checking how to run the C++ preprocessor
configure:12739: g++ -E  conftest.cpp
configure:12739: $? = 0
configure:12753: g++ -E  conftest.cpp
conftest.cpp:21:28: fatal error: ac_nonexistent.h: No such file or directory
 #include <ac_nonexistent.h>
                            ^
compilation terminated.
configure:12753: $? = 1
configure: failed program was:
| /* confdefs.h */
| #define PACKAGE_NAME "cyassl"
| #define PACKAGE_TARNAME "cyassl"
| #define PACKAGE_VERSION "3.3.2"
| #define PACKAGE_STRING "cyassl 3.3.2"
| #define PACKAGE_BUGREPORT "https://github.com/cyassl/cyassl/issues"
| #define PACKAGE_URL "http://www.wolfssl.com"
| #define STDC_HEADERS 1
| #define HAVE_SYS_TYPES_H 1
| #define HAVE_SYS_STAT_H 1
| #define HAVE_STDLIB_H 1
| #define HAVE_STRING_H 1
| #define HAVE_MEMORY_H 1
| #define HAVE_STRINGS_H 1
| #define HAVE_INTTYPES_H 1
| #define HAVE_STDINT_H 1
| #define HAVE_UNISTD_H 1
| #define HAVE_DLFCN_H 1
| #define LT_OBJDIR ".libs/"
| /* end confdefs.h.  */
| #include <ac_nonexistent.h>
configure:12778: result: g++ -E
configure:12798: g++ -E  conftest.cpp
configure:12798: $? = 0
configure:12812: g++ -E  conftest.cpp
conftest.cpp:21:28: fatal error: ac_nonexistent.h: No such file or directory
 #include <ac_nonexistent.h>
                            ^
compilation terminated.
configure:12812: $? = 1
configure: failed program was:
| /* confdefs.h */
| #define PACKAGE_NAME "cyassl"
| #define PACKAGE_TARNAME "cyassl"
| #define PACKAGE_VERSION "3.3.2"
| #define PACKAGE_STRING "cyassl 3.3.2"
| #define PACKAGE_BUGREPORT "https://github.com/cyassl/cyassl/issues"
| #define PACKAGE_URL "http://www.wolfssl.com"
| #define STDC_HEADERS 1
| #define HAVE_SYS_TYPES_H 1
| #define HAVE_SYS_STAT_H 1
| #define HAVE_STDLIB_H 1
| #define HAVE_STRING_H 1
| #define HAVE_MEMORY_H 1
| #define HAVE_STRINGS_H 1
| #define HAVE_INTTYPES_H 1
| #define HAVE_STDINT_H 1
| #define HAVE_UNISTD_H 1
| #define HAVE_DLFCN_H 1
| #define LT_OBJDIR ".libs/"
| /* end confdefs.h.  */
| #include <ac_nonexistent.h>
configure:12981: checking for ld used by g++
configure:13048: result: /usr/bin/ld -m elf_x86_64
configure:13055: checking if the linker (/usr/bin/ld -m elf_x86_64) is GNU ld
configure:13070: result: yes
configure:13125: checking whether the g++ linker (/usr/bin/ld -m elf_x86_64) supports shared libraries
configure:14127: result: yes
configure:14163: g++ -c -g -O2  conftest.cpp >&5
configure:14166: $? = 0
configure:14686: checking for g++ option to produce PIC
configure:14693: result: -fPIC -DPIC
configure:14701: checking if g++ PIC flag -fPIC -DPIC works
configure:14719: g++ -c -g -O2  -fPIC -DPIC -DPIC conftest.cpp >&5
configure:14723: $? = 0
configure:14736: result: yes
configure:14759: checking if g++ static flag -static works
configure:14787: result: yes
configure:14799: checking if g++ supports -c -o file.o
configure:14820: g++ -c -g -O2  -o out/conftest2.o conftest.cpp >&5
configure:14824: $? = 0
configure:14846: result: yes
configure:14851: checking if g++ supports -c -o file.o
configure:14898: result: yes
configure:14928: checking whether the g++ linker (/usr/bin/ld -m elf_x86_64) supports shared libraries
configure:14967: result: yes
configure:15108: checking dynamic linker characteristics
configure:15776: result: GNU/Linux ld.so
configure:15829: checking how to hardcode library paths into programs
configure:15854: result: immediate
configure:15901: checking whether the -Werror option is usable
configure:15920: gcc -c -g -O2 -Werror  conftest.c >&5
configure:15920: $? = 0
configure:15929: result: yes
configure:15931: checking for simple visibility declarations
configure:15958: gcc -c -g -O2 -fvisibility=hidden -Werror  conftest.c >&5
configure:15958: $? = 0
configure:15967: result: yes
configure:16000: checking whether make supports nested variables
configure:16017: result: yes
configure:16031: checking for gethostbyname
configure:16031: gcc -o conftest -g -O2  -fvisibility=hidden  conftest.c  >&5
configure:16031: $? = 0
configure:16031: result: yes
configure:16042: checking for getaddrinfo
configure:16042: gcc -o conftest -g -O2  -fvisibility=hidden  conftest.c  >&5
configure:16042: $? = 0
configure:16042: result: yes
configure:16053: checking for gettimeofday
configure:16053: gcc -o conftest -g -O2  -fvisibility=hidden  conftest.c  >&5
configure:16053: $? = 0
configure:16053: result: yes
configure:16064: checking for inet_ntoa
configure:16064: gcc -o conftest -g -O2  -fvisibility=hidden  conftest.c  >&5
configure:16064: $? = 0
configure:16064: result: yes
configure:16075: checking for memset
configure:16075: gcc -o conftest -g -O2  -fvisibility=hidden  conftest.c  >&5
conftest.c:49:6: warning: conflicting types for built-in function 'memset'
 char memset ();
      ^
configure:16075: $? = 0
configure:16075: result: yes
configure:16086: checking for socket
configure:16086: gcc -o conftest -g -O2  -fvisibility=hidden  conftest.c  >&5
configure:16086: $? = 0
configure:16086: result: yes
configure:16097: checking arpa/inet.h usability
configure:16097: gcc -c -g -O2  -fvisibility=hidden conftest.c >&5
configure:16097: $? = 0
configure:16097: result: yes
configure:16097: checking arpa/inet.h presence
configure:16097: gcc -E  -fvisibility=hidden conftest.c
configure:16097: $? = 0
configure:16097: result: yes
configure:16097: checking for arpa/inet.h
configure:16097: result: yes
configure:16109: checking fcntl.h usability
configure:16109: gcc -c -g -O2  -fvisibility=hidden conftest.c >&5
configure:16109: $? = 0
configure:16109: result: yes
configure:16109: checking fcntl.h presence
configure:16109: gcc -E  -fvisibility=hidden conftest.c
configure:16109: $? = 0
configure:16109: result: yes
configure:16109: checking for fcntl.h
configure:16109: result: yes
configure:16121: checking limits.h usability
configure:16121: gcc -c -g -O2  -fvisibility=hidden conftest.c >&5
configure:16121: $? = 0
configure:16121: result: yes
configure:16121: checking limits.h presence
configure:16121: gcc -E  -fvisibility=hidden conftest.c
configure:16121: $? = 0
configure:16121: result: yes
configure:16121: checking for limits.h
configure:16121: result: yes
configure:16133: checking netdb.h usability
configure:16133: gcc -c -g -O2  -fvisibility=hidden conftest.c >&5
configure:16133: $? = 0
configure:16133: result: yes
configure:16133: checking netdb.h presence
configure:16133: gcc -E  -fvisibility=hidden conftest.c
configure:16133: $? = 0
configure:16133: result: yes
configure:16133: checking for netdb.h
configure:16133: result: yes
configure:16145: checking netinet/in.h usability
configure:16145: gcc -c -g -O2  -fvisibility=hidden conftest.c >&5
configure:16145: $? = 0
configure:16145: result: yes
configure:16145: checking netinet/in.h presence
configure:16145: gcc -E  -fvisibility=hidden conftest.c
configure:16145: $? = 0
configure:16145: result: yes
configure:16145: checking for netinet/in.h
configure:16145: result: yes
configure:16157: checking stddef.h usability
configure:16157: gcc -c -g -O2  -fvisibility=hidden conftest.c >&5
configure:16157: $? = 0
configure:16157: result: yes
configure:16157: checking stddef.h presence
configure:16157: gcc -E  -fvisibility=hidden conftest.c
configure:16157: $? = 0
configure:16157: result: yes
configure:16157: checking for stddef.h
configure:16157: result: yes
configure:16169: checking sys/ioctl.h usability
configure:16169: gcc -c -g -O2  -fvisibility=hidden conftest.c >&5
configure:16169: $? = 0
configure:16169: result: yes
configure:16169: checking sys/ioctl.h presence
configure:16169: gcc -E  -fvisibility=hidden conftest.c
configure:16169: $? = 0
configure:16169: result: yes
configure:16169: checking for sys/ioctl.h
configure:16169: result: yes
configure:16181: checking sys/socket.h usability
configure:16181: gcc -c -g -O2  -fvisibility=hidden conftest.c >&5
configure:16181: $? = 0
configure:16181: result: yes
configure:16181: checking sys/socket.h presence
configure:16181: gcc -E  -fvisibility=hidden conftest.c
configure:16181: $? = 0
configure:16181: result: yes
configure:16181: checking for sys/socket.h
configure:16181: result: yes
configure:16193: checking sys/time.h usability
configure:16193: gcc -c -g -O2  -fvisibility=hidden conftest.c >&5
configure:16193: $? = 0
configure:16193: result: yes
configure:16193: checking sys/time.h presence
configure:16193: gcc -E  -fvisibility=hidden conftest.c
configure:16193: $? = 0
configure:16193: result: yes
configure:16193: checking for sys/time.h
configure:16193: result: yes
configure:16205: checking errno.h usability
configure:16205: gcc -c -g -O2  -fvisibility=hidden conftest.c >&5
configure:16205: $? = 0
configure:16205: result: yes
configure:16205: checking errno.h presence
configure:16205: gcc -E  -fvisibility=hidden conftest.c
configure:16205: $? = 0
configure:16205: result: yes
configure:16205: checking for errno.h
configure:16205: result: yes
configure:16215: checking for socket in -lnetwork
configure:16240: gcc -o conftest -g -O2  -fvisibility=hidden  conftest.c -lnetwork   >&5
/usr/bin/ld: cannot find -lnetwork
collect2: error: ld returned 1 exit status
configure:16240: $? = 1
configure: failed program was:
| /* confdefs.h */
| #define PACKAGE_NAME "cyassl"
| #define PACKAGE_TARNAME "cyassl"
| #define PACKAGE_VERSION "3.3.2"
| #define PACKAGE_STRING "cyassl 3.3.2"
| #define PACKAGE_BUGREPORT "https://github.com/cyassl/cyassl/issues"
| #define PACKAGE_URL "http://www.wolfssl.com"
| #define STDC_HEADERS 1
| #define HAVE_SYS_TYPES_H 1
| #define HAVE_SYS_STAT_H 1
| #define HAVE_STDLIB_H 1
| #define HAVE_STRING_H 1
| #define HAVE_MEMORY_H 1
| #define HAVE_STRINGS_H 1
| #define HAVE_INTTYPES_H 1
| #define HAVE_STDINT_H 1
| #define HAVE_UNISTD_H 1
| #define HAVE_DLFCN_H 1
| #define LT_OBJDIR ".libs/"
| #define HAVE_VISIBILITY 1
| #define HAVE_GETHOSTBYNAME 1
| #define HAVE_GETADDRINFO 1
| #define HAVE_GETTIMEOFDAY 1
| #define HAVE_INET_NTOA 1
| #define HAVE_MEMSET 1
| #define HAVE_SOCKET 1
| #define HAVE_ARPA_INET_H 1
| #define HAVE_FCNTL_H 1
| #define HAVE_LIMITS_H 1
| #define HAVE_NETDB_H 1
| #define HAVE_NETINET_IN_H 1
| #define HAVE_STDDEF_H 1
| #define HAVE_SYS_IOCTL_H 1
| #define HAVE_SYS_SOCKET_H 1
| #define HAVE_SYS_TIME_H 1
| #define HAVE_ERRNO_H 1
| /* end confdefs.h.  */
| 
| /* Override any GCC internal prototype to avoid an error.
|    Use char because int might match the return type of a GCC
|    builtin and then its argument prototype would still apply.  */
| #ifdef __cplusplus
| extern "C"
| #endif
| char socket ();
| int
| main ()
| {
| return socket ();
|   ;
|   return 0;
| }
configure:16249: result: no
configure:16264: checking size of long long
configure:16269: gcc -o conftest -g -O2  -fvisibility=hidden  conftest.c  >&5
configure:16269: $? = 0
configure:16269: ./conftest
configure:16269: $? = 0
configure:16283: result: 8
configure:16297: checking size of long
configure:16302: gcc -o conftest -g -O2  -fvisibility=hidden  conftest.c  >&5
configure:16302: $? = 0
configure:16302: ./conftest
configure:16302: $? = 0
configure:16316: result: 8
configure:16326: checking for __uint128_t
configure:16326: gcc -c -g -O2  -fvisibility=hidden conftest.c >&5
configure:16326: $? = 0
configure:16326: gcc -c -g -O2  -fvisibility=hidden conftest.c >&5
conftest.c: In function 'main':
conftest.c:76:26: error: expected expression before ')' token
 if (sizeof ((__uint128_t)))
                          ^
configure:16326: $? = 1
configure: failed program was:
| /* confdefs.h */
| #define PACKAGE_NAME "cyassl"
| #define PACKAGE_TARNAME "cyassl"
| #define PACKAGE_VERSION "3.3.2"
| #define PACKAGE_STRING "cyassl 3.3.2"
| #define PACKAGE_BUGREPORT "https://github.com/cyassl/cyassl/issues"
| #define PACKAGE_URL "http://www.wolfssl.com"
| #define STDC_HEADERS 1
| #define HAVE_SYS_TYPES_H 1
| #define HAVE_SYS_STAT_H 1
| #define HAVE_STDLIB_H 1
| #define HAVE_STRING_H 1
| #define HAVE_MEMORY_H 1
| #define HAVE_STRINGS_H 1
| #define HAVE_INTTYPES_H 1
| #define HAVE_STDINT_H 1
| #define HAVE_UNISTD_H 1
| #define HAVE_DLFCN_H 1
| #define LT_OBJDIR ".libs/"
| #define HAVE_VISIBILITY 1
| #define HAVE_GETHOSTBYNAME 1
| #define HAVE_GETADDRINFO 1
| #define HAVE_GETTIMEOFDAY 1
| #define HAVE_INET_NTOA 1
| #define HAVE_MEMSET 1
| #define HAVE_SOCKET 1
| #define HAVE_ARPA_INET_H 1
| #define HAVE_FCNTL_H 1
| #define HAVE_LIMITS_H 1
| #define HAVE_NETDB_H 1
| #define HAVE_NETINET_IN_H 1
| #define HAVE_STDDEF_H 1
| #define HAVE_SYS_IOCTL_H 1
| #define HAVE_SYS_SOCKET_H 1
| #define HAVE_SYS_TIME_H 1
| #define HAVE_ERRNO_H 1
| #define SIZEOF_LONG_LONG 8
| #define SIZEOF_LONG 8
| /* end confdefs.h.  */
| #include <stdio.h>
| #ifdef HAVE_SYS_TYPES_H
| # include <sys/types.h>
| #endif
| #ifdef HAVE_SYS_STAT_H
| # include <sys/stat.h>
| #endif
| #ifdef STDC_HEADERS
| # include <stdlib.h>
| # include <stddef.h>
| #else
| # ifdef HAVE_STDLIB_H
| #  include <stdlib.h>
| # endif
| #endif
| #ifdef HAVE_STRING_H
| # if !defined STDC_HEADERS && defined HAVE_MEMORY_H
| #  include <memory.h>
| # endif
| # include <string.h>
| #endif
| #ifdef HAVE_STRINGS_H
| # include <strings.h>
| #endif
| #ifdef HAVE_INTTYPES_H
| # include <inttypes.h>
| #endif
| #ifdef HAVE_STDINT_H
| # include <stdint.h>
| #endif
| #ifdef HAVE_UNISTD_H
| # include <unistd.h>
| #endif
| int
| main ()
| {
| if (sizeof ((__uint128_t)))
| 	    return 0;
|   ;
|   return 0;
| }
configure:16326: result: yes
configure:16336: checking whether byte ordering is bigendian
configure:16351: gcc -c -g -O2  -fvisibility=hidden conftest.c >&5
conftest.c:42:9: error: unknown type name 'not'
         not a universal capable compiler
         ^
conftest.c:42:15: error: expected '=', ',', ';', 'asm' or '__attribute__' before 'universal'
         not a universal capable compiler
               ^
conftest.c:42:15: error: unknown type name 'universal'
configure:16351: $? = 1
configure: failed program was:
| /* confdefs.h */
| #define PACKAGE_NAME "cyassl"
| #define PACKAGE_TARNAME "cyassl"
| #define PACKAGE_VERSION "3.3.2"
| #define PACKAGE_STRING "cyassl 3.3.2"
| #define PACKAGE_BUGREPORT "https://github.com/cyassl/cyassl/issues"
| #define PACKAGE_URL "http://www.wolfssl.com"
| #define STDC_HEADERS 1
| #define HAVE_SYS_TYPES_H 1
| #define HAVE_SYS_STAT_H 1
| #define HAVE_STDLIB_H 1
| #define HAVE_STRING_H 1
| #define HAVE_MEMORY_H 1
| #define HAVE_STRINGS_H 1
| #define HAVE_INTTYPES_H 1
| #define HAVE_STDINT_H 1
| #define HAVE_UNISTD_H 1
| #define HAVE_DLFCN_H 1
| #define LT_OBJDIR ".libs/"
| #define HAVE_VISIBILITY 1
| #define HAVE_GETHOSTBYNAME 1
| #define HAVE_GETADDRINFO 1
| #define HAVE_GETTIMEOFDAY 1
| #define HAVE_INET_NTOA 1
| #define HAVE_MEMSET 1
| #define HAVE_SOCKET 1
| #define HAVE_ARPA_INET_H 1
| #define HAVE_FCNTL_H 1
| #define HAVE_LIMITS_H 1
| #define HAVE_NETDB_H 1
| #define HAVE_NETINET_IN_H 1
| #define HAVE_STDDEF_H 1
| #define HAVE_SYS_IOCTL_H 1
| #define HAVE_SYS_SOCKET_H 1
| #define HAVE_SYS_TIME_H 1
| #define HAVE_ERRNO_H 1
| #define SIZEOF_LONG_LONG 8
| #define SIZEOF_LONG 8
| #define HAVE___UINT128_T 1
| /* end confdefs.h.  */
| #ifndef __APPLE_CC__
| 	       not a universal capable compiler
| 	     #endif
| 	     typedef int dummy;
| 
configure:16396: gcc -c -g -O2  -fvisibility=hidden conftest.c >&5
configure:16396: $? = 0
configure:16414: gcc -c -g -O2  -fvisibility=hidden conftest.c >&5
conftest.c: In function 'main':
conftest.c:48:4: error: unknown type name 'not'
    not big endian
    ^
conftest.c:48:12: error: expected '=', ',', ';', 'asm' or '__attribute__' before 'endian'
    not big endian
            ^
configure:16414: $? = 1
configure: failed program was:
| /* confdefs.h */
| #define PACKAGE_NAME "cyassl"
| #define PACKAGE_TARNAME "cyassl"
| #define PACKAGE_VERSION "3.3.2"
| #define PACKAGE_STRING "cyassl 3.3.2"
| #define PACKAGE_BUGREPORT "https://github.com/cyassl/cyassl/issues"
| #define PACKAGE_URL "http://www.wolfssl.com"
| #define STDC_HEADERS 1
| #define HAVE_SYS_TYPES_H 1
| #define HAVE_SYS_STAT_H 1
| #define HAVE_STDLIB_H 1
| #define HAVE_STRING_H 1
| #define HAVE_MEMORY_H 1
| #define HAVE_STRINGS_H 1
| #define HAVE_INTTYPES_H 1
| #define HAVE_STDINT_H 1
| #define HAVE_UNISTD_H 1
| #define HAVE_DLFCN_H 1
| #define LT_OBJDIR ".libs/"
| #define HAVE_VISIBILITY 1
| #define HAVE_GETHOSTBYNAME 1
| #define HAVE_GETADDRINFO 1
| #define HAVE_GETTIMEOFDAY 1
| #define HAVE_INET_NTOA 1
| #define HAVE_MEMSET 1
| #define HAVE_SOCKET 1
| #define HAVE_ARPA_INET_H 1
| #define HAVE_FCNTL_H 1
| #define HAVE_LIMITS_H 1
| #define HAVE_NETDB_H 1
| #define HAVE_NETINET_IN_H 1
| #define HAVE_STDDEF_H 1
| #define HAVE_SYS_IOCTL_H 1
| #define HAVE_SYS_SOCKET_H 1
| #define HAVE_SYS_TIME_H 1
| #define HAVE_ERRNO_H 1
| #define SIZEOF_LONG_LONG 8
| #define SIZEOF_LONG 8
| #define HAVE___UINT128_T 1
| /* end confdefs.h.  */
| #include <sys/types.h>
| 		#include <sys/param.h>
| 
| int
| main ()
| {
| #if BYTE_ORDER != BIG_ENDIAN
| 		 not big endian
| 		#endif
| 
|   ;
|   return 0;
| }
configure:16542: result: no
configure:16612: checking for gcc
configure:16639: result: gcc
configure:16868: checking for C compiler version
configure:16877: gcc --version >&5
gcc (Ubuntu 4.9.2-10ubuntu13) 4.9.2
Copyright (C) 2014 Free Software Foundation, Inc.
This is free software; see the source for copying conditions.  There is NO
warranty; not even for MERCHANTABILITY or FITNESS FOR A PARTICULAR PURPOSE.

configure:16888: $? = 0
configure:16877: gcc -v >&5
Using built-in specs.
COLLECT_GCC=gcc
COLLECT_LTO_WRAPPER=/usr/lib/gcc/x86_64-linux-gnu/4.9/lto-wrapper
Target: x86_64-linux-gnu
Configured with: ../src/configure -v --with-pkgversion='Ubuntu 4.9.2-10ubuntu13' --with-bugurl=file:///usr/share/doc/gcc-4.9/README.Bugs --enable-languages=c,c++,java,go,d,fortran,objc,obj-c++ --prefix=/usr --program-suffix=-4.9 --enable-shared --enable-linker-build-id --libexecdir=/usr/lib --without-included-gettext --enable-threads=posix --with-gxx-include-dir=/usr/include/c++/4.9 --libdir=/usr/lib --enable-nls --with-sysroot=/ --enable-clocale=gnu --enable-libstdcxx-debug --enable-libstdcxx-time=yes --enable-gnu-unique-object --disable-vtable-verify --enable-plugin --with-system-zlib --disable-browser-plugin --enable-java-awt=gtk --enable-gtk-cairo --with-java-home=/usr/lib/jvm/java-1.5.0-gcj-4.9-amd64/jre --enable-java-home --with-jvm-root-dir=/usr/lib/jvm/java-1.5.0-gcj-4.9-amd64 --with-jvm-jar-dir=/usr/lib/jvm-exports/java-1.5.0-gcj-4.9-amd64 --with-arch-directory=amd64 --with-ecj-jar=/usr/share/java/eclipse-ecj.jar --enable-objc-gc --enable-multiarch --disable-werror --with-arch-32=i686 --with-abi=m64 --with-multilib-list=m32,m64,mx32 --enable-multilib --with-tune=generic --enable-checking=release --build=x86_64-linux-gnu --host=x86_64-linux-gnu --target=x86_64-linux-gnu
Thread model: posix
gcc version 4.9.2 (Ubuntu 4.9.2-10ubuntu13) 
configure:16888: $? = 0
configure:16877: gcc -V >&5
gcc: error: unrecognized command line option '-V'
gcc: fatal error: no input files
compilation terminated.
configure:16888: $? = 4
configure:16877: gcc -qversion >&5
gcc: error: unrecognized command line option '-qversion'
gcc: fatal error: no input files
compilation terminated.
configure:16888: $? = 4
configure:16892: checking whether we are using the GNU C compiler
configure:16920: result: yes
configure:16929: checking whether gcc accepts -g
configure:16990: result: yes
configure:17007: checking for gcc option to accept ISO C89
configure:17083: result: none needed
configure:17108: checking whether gcc understands -c and -o together
configure:17145: result: yes
configure:17164: checking dependency style of gcc
configure:17275: result: gcc3
configure:17291: checking whether gcc and cc understand -c and -o together
configure:17322: gcc -c conftest.c -o conftest2.o >&5
configure:17326: $? = 0
configure:17332: gcc -c conftest.c -o conftest2.o >&5
configure:17336: $? = 0
configure:17347: cc -c conftest.c >&5
configure:17351: $? = 0
configure:17359: cc -c conftest.c -o conftest2.o >&5
configure:17363: $? = 0
configure:17369: cc -c conftest.c -o conftest2.o >&5
configure:17373: $? = 0
configure:17391: result: yes
configure:17513: checking for C++ compiler version
configure:17522: g++ --version >&5
g++ (Ubuntu 4.9.2-10ubuntu13) 4.9.2
Copyright (C) 2014 Free Software Foundation, Inc.
This is free software; see the source for copying conditions.  There is NO
warranty; not even for MERCHANTABILITY or FITNESS FOR A PARTICULAR PURPOSE.

configure:17533: $? = 0
configure:17522: g++ -v >&5
Using built-in specs.
COLLECT_GCC=g++
COLLECT_LTO_WRAPPER=/usr/lib/gcc/x86_64-linux-gnu/4.9/lto-wrapper
Target: x86_64-linux-gnu
Configured with: ../src/configure -v --with-pkgversion='Ubuntu 4.9.2-10ubuntu13' --with-bugurl=file:///usr/share/doc/gcc-4.9/README.Bugs --enable-languages=c,c++,java,go,d,fortran,objc,obj-c++ --prefix=/usr --program-suffix=-4.9 --enable-shared --enable-linker-build-id --libexecdir=/usr/lib --without-included-gettext --enable-threads=posix --with-gxx-include-dir=/usr/include/c++/4.9 --libdir=/usr/lib --enable-nls --with-sysroot=/ --enable-clocale=gnu --enable-libstdcxx-debug --enable-libstdcxx-time=yes --enable-gnu-unique-object --disable-vtable-verify --enable-plugin --with-system-zlib --disable-browser-plugin --enable-java-awt=gtk --enable-gtk-cairo --with-java-home=/usr/lib/jvm/java-1.5.0-gcj-4.9-amd64/jre --enable-java-home --with-jvm-root-dir=/usr/lib/jvm/java-1.5.0-gcj-4.9-amd64 --with-jvm-jar-dir=/usr/lib/jvm-exports/java-1.5.0-gcj-4.9-amd64 --with-arch-directory=amd64 --with-ecj-jar=/usr/share/java/eclipse-ecj.jar --enable-objc-gc --enable-multiarch --disable-werror --with-arch-32=i686 --with-abi=m64 --with-multilib-list=m32,m64,mx32 --enable-multilib --with-tune=generic --enable-checking=release --build=x86_64-linux-gnu --host=x86_64-linux-gnu --target=x86_64-linux-gnu
Thread model: posix
gcc version 4.9.2 (Ubuntu 4.9.2-10ubuntu13) 
configure:17533: $? = 0
configure:17522: g++ -V >&5
g++: error: unrecognized command line option '-V'
g++: fatal error: no input files
compilation terminated.
configure:17533: $? = 4
configure:17522: g++ -qversion >&5
g++: error: unrecognized command line option '-qversion'
g++: fatal error: no input files
compilation terminated.
configure:17533: $? = 4
configure:17537: checking whether we are using the GNU C++ compiler
configure:17565: result: yes
configure:17574: checking whether g++ accepts -g
configure:17635: result: yes
configure:17660: checking dependency style of g++
configure:17771: result: gcc3
configure:17787: checking for size_t
configure:17787: gcc -c -g -O2  -fvisibility=hidden conftest.c >&5
configure:17787: $? = 0
configure:17787: gcc -c -g -O2  -fvisibility=hidden conftest.c >&5
conftest.c: In function 'main':
conftest.c:77:21: error: expected expression before ')' token
 if (sizeof ((size_t)))
                     ^
configure:17787: $? = 1
configure: failed program was:
| /* confdefs.h */
| #define PACKAGE_NAME "cyassl"
| #define PACKAGE_TARNAME "cyassl"
| #define PACKAGE_VERSION "3.3.2"
| #define PACKAGE_STRING "cyassl 3.3.2"
| #define PACKAGE_BUGREPORT "https://github.com/cyassl/cyassl/issues"
| #define PACKAGE_URL "http://www.wolfssl.com"
| #define STDC_HEADERS 1
| #define HAVE_SYS_TYPES_H 1
| #define HAVE_SYS_STAT_H 1
| #define HAVE_STDLIB_H 1
| #define HAVE_STRING_H 1
| #define HAVE_MEMORY_H 1
| #define HAVE_STRINGS_H 1
| #define HAVE_INTTYPES_H 1
| #define HAVE_STDINT_H 1
| #define HAVE_UNISTD_H 1
| #define HAVE_DLFCN_H 1
| #define LT_OBJDIR ".libs/"
| #define HAVE_VISIBILITY 1
| #define HAVE_GETHOSTBYNAME 1
| #define HAVE_GETADDRINFO 1
| #define HAVE_GETTIMEOFDAY 1
| #define HAVE_INET_NTOA 1
| #define HAVE_MEMSET 1
| #define HAVE_SOCKET 1
| #define HAVE_ARPA_INET_H 1
| #define HAVE_FCNTL_H 1
| #define HAVE_LIMITS_H 1
| #define HAVE_NETDB_H 1
| #define HAVE_NETINET_IN_H 1
| #define HAVE_STDDEF_H 1
| #define HAVE_SYS_IOCTL_H 1
| #define HAVE_SYS_SOCKET_H 1
| #define HAVE_SYS_TIME_H 1
| #define HAVE_ERRNO_H 1
| #define SIZEOF_LONG_LONG 8
| #define SIZEOF_LONG 8
| #define HAVE___UINT128_T 1
| /* end confdefs.h.  */
| #include <stdio.h>
| #ifdef HAVE_SYS_TYPES_H
| # include <sys/types.h>
| #endif
| #ifdef HAVE_SYS_STAT_H
| # include <sys/stat.h>
| #endif
| #ifdef STDC_HEADERS
| # include <stdlib.h>
| # include <stddef.h>
| #else
| # ifdef HAVE_STDLIB_H
| #  include <stdlib.h>
| # endif
| #endif
| #ifdef HAVE_STRING_H
| # if !defined STDC_HEADERS && defined HAVE_MEMORY_H
| #  include <memory.h>
| # endif
| # include <string.h>
| #endif
| #ifdef HAVE_STRINGS_H
| # include <strings.h>
| #endif
| #ifdef HAVE_INTTYPES_H
| # include <inttypes.h>
| #endif
| #ifdef HAVE_STDINT_H
| # include <stdint.h>
| #endif
| #ifdef HAVE_UNISTD_H
| # include <unistd.h>
| #endif
| int
| main ()
| {
| if (sizeof ((size_t)))
| 	    return 0;
|   ;
|   return 0;
| }
configure:17787: result: yes
configure:17798: checking for uint8_t
configure:17798: gcc -c -g -O2  -fvisibility=hidden conftest.c >&5
configure:17798: $? = 0
configure:17798: result: yes
configure:17821: checking dependency style of gcc
configure:17930: result: gcc3
configure:18034: checking for cos in -lm
configure:18059: gcc -o conftest -g -O2  -fvisibility=hidden  conftest.c -lm   >&5
conftest.c:48:6: warning: conflicting types for built-in function 'cos'
 char cos ();
      ^
configure:18059: $? = 0
configure:18068: result: yes
configure:18087: checking for thread local storage (TLS) class
configure:18115: gcc -c -g -O2  -fvisibility=hidden conftest.c >&5
configure:18115: $? = 0
configure:18127: result: __thread
configure:18167: checking for debug
configure:18169: result: no
configure:18379: checking for the pthreads library -lpthreads
configure:18417: gcc -o conftest -g -O2   -fvisibility=hidden  conftest.c -lpthreads  >&5
/usr/bin/ld: cannot find -lpthreads
collect2: error: ld returned 1 exit status
configure:18417: $? = 1
configure: failed program was:
| /* confdefs.h */
| #define PACKAGE_NAME "cyassl"
| #define PACKAGE_TARNAME "cyassl"
| #define PACKAGE_VERSION "3.3.2"
| #define PACKAGE_STRING "cyassl 3.3.2"
| #define PACKAGE_BUGREPORT "https://github.com/cyassl/cyassl/issues"
| #define PACKAGE_URL "http://www.wolfssl.com"
| #define STDC_HEADERS 1
| #define HAVE_SYS_TYPES_H 1
| #define HAVE_SYS_STAT_H 1
| #define HAVE_STDLIB_H 1
| #define HAVE_STRING_H 1
| #define HAVE_MEMORY_H 1
| #define HAVE_STRINGS_H 1
| #define HAVE_INTTYPES_H 1
| #define HAVE_STDINT_H 1
| #define HAVE_UNISTD_H 1
| #define HAVE_DLFCN_H 1
| #define LT_OBJDIR ".libs/"
| #define HAVE_VISIBILITY 1
| #define HAVE_GETHOSTBYNAME 1
| #define HAVE_GETADDRINFO 1
| #define HAVE_GETTIMEOFDAY 1
| #define HAVE_INET_NTOA 1
| #define HAVE_MEMSET 1
| #define HAVE_SOCKET 1
| #define HAVE_ARPA_INET_H 1
| #define HAVE_FCNTL_H 1
| #define HAVE_LIMITS_H 1
| #define HAVE_NETDB_H 1
| #define HAVE_NETINET_IN_H 1
| #define HAVE_STDDEF_H 1
| #define HAVE_SYS_IOCTL_H 1
| #define HAVE_SYS_SOCKET_H 1
| #define HAVE_SYS_TIME_H 1
| #define HAVE_ERRNO_H 1
| #define SIZEOF_LONG_LONG 8
| #define SIZEOF_LONG 8
| #define HAVE___UINT128_T 1
| #define TLS __thread
| #define DEBUG 0
| /* end confdefs.h.  */
| #include <pthread.h>
|                         static void routine(void *a) { a = 0; }
|                         static void *start_routine(void *a) { return a; }
| int
| main ()
| {
| pthread_t th; pthread_attr_t attr;
|                         pthread_create(&th, 0, start_routine, 0);
|                         pthread_join(th, 0);
|                         pthread_attr_init(&attr);
|                         pthread_cleanup_push(routine, 0);
|                         pthread_cleanup_pop(0) /* ; */
|   ;
|   return 0;
| }
configure:18426: result: no
configure:18324: checking whether pthreads work without any flags
configure:18417: gcc -o conftest -g -O2   -fvisibility=hidden  conftest.c   >&5
/tmp/ccswKWXD.o: In function `main':
/home/cgm/libexositehttp/ext-library/cyassl/conftest.c:50: undefined reference to `pthread_create'
/home/cgm/libexositehttp/ext-library/cyassl/conftest.c:51: undefined reference to `pthread_join'
/home/cgm/libexositehttp/ext-library/cyassl/conftest.c:53: undefined reference to `__pthread_register_cancel'
/home/cgm/libexositehttp/ext-library/cyassl/conftest.c:54: undefined reference to `__pthread_unregister_cancel'
collect2: error: ld returned 1 exit status
configure:18417: $? = 1
configure: failed program was:
| /* confdefs.h */
| #define PACKAGE_NAME "cyassl"
| #define PACKAGE_TARNAME "cyassl"
| #define PACKAGE_VERSION "3.3.2"
| #define PACKAGE_STRING "cyassl 3.3.2"
| #define PACKAGE_BUGREPORT "https://github.com/cyassl/cyassl/issues"
| #define PACKAGE_URL "http://www.wolfssl.com"
| #define STDC_HEADERS 1
| #define HAVE_SYS_TYPES_H 1
| #define HAVE_SYS_STAT_H 1
| #define HAVE_STDLIB_H 1
| #define HAVE_STRING_H 1
| #define HAVE_MEMORY_H 1
| #define HAVE_STRINGS_H 1
| #define HAVE_INTTYPES_H 1
| #define HAVE_STDINT_H 1
| #define HAVE_UNISTD_H 1
| #define HAVE_DLFCN_H 1
| #define LT_OBJDIR ".libs/"
| #define HAVE_VISIBILITY 1
| #define HAVE_GETHOSTBYNAME 1
| #define HAVE_GETADDRINFO 1
| #define HAVE_GETTIMEOFDAY 1
| #define HAVE_INET_NTOA 1
| #define HAVE_MEMSET 1
| #define HAVE_SOCKET 1
| #define HAVE_ARPA_INET_H 1
| #define HAVE_FCNTL_H 1
| #define HAVE_LIMITS_H 1
| #define HAVE_NETDB_H 1
| #define HAVE_NETINET_IN_H 1
| #define HAVE_STDDEF_H 1
| #define HAVE_SYS_IOCTL_H 1
| #define HAVE_SYS_SOCKET_H 1
| #define HAVE_SYS_TIME_H 1
| #define HAVE_ERRNO_H 1
| #define SIZEOF_LONG_LONG 8
| #define SIZEOF_LONG 8
| #define HAVE___UINT128_T 1
| #define TLS __thread
| #define DEBUG 0
| /* end confdefs.h.  */
| #include <pthread.h>
|                         static void routine(void *a) { a = 0; }
|                         static void *start_routine(void *a) { return a; }
| int
| main ()
| {
| pthread_t th; pthread_attr_t attr;
|                         pthread_create(&th, 0, start_routine, 0);
|                         pthread_join(th, 0);
|                         pthread_attr_init(&attr);
|                         pthread_cleanup_push(routine, 0);
|                         pthread_cleanup_pop(0) /* ; */
|   ;
|   return 0;
| }
configure:18426: result: no
configure:18329: checking whether pthreads work with -Kthread
configure:18417: gcc -o conftest -g -O2 -Kthread  -fvisibility=hidden  conftest.c   >&5
gcc: error: unrecognized command line option '-Kthread'
configure:18417: $? = 1
configure: failed program was:
| /* confdefs.h */
| #define PACKAGE_NAME "cyassl"
| #define PACKAGE_TARNAME "cyassl"
| #define PACKAGE_VERSION "3.3.2"
| #define PACKAGE_STRING "cyassl 3.3.2"
| #define PACKAGE_BUGREPORT "https://github.com/cyassl/cyassl/issues"
| #define PACKAGE_URL "http://www.wolfssl.com"
| #define STDC_HEADERS 1
| #define HAVE_SYS_TYPES_H 1
| #define HAVE_SYS_STAT_H 1
| #define HAVE_STDLIB_H 1
| #define HAVE_STRING_H 1
| #define HAVE_MEMORY_H 1
| #define HAVE_STRINGS_H 1
| #define HAVE_INTTYPES_H 1
| #define HAVE_STDINT_H 1
| #define HAVE_UNISTD_H 1
| #define HAVE_DLFCN_H 1
| #define LT_OBJDIR ".libs/"
| #define HAVE_VISIBILITY 1
| #define HAVE_GETHOSTBYNAME 1
| #define HAVE_GETADDRINFO 1
| #define HAVE_GETTIMEOFDAY 1
| #define HAVE_INET_NTOA 1
| #define HAVE_MEMSET 1
| #define HAVE_SOCKET 1
| #define HAVE_ARPA_INET_H 1
| #define HAVE_FCNTL_H 1
| #define HAVE_LIMITS_H 1
| #define HAVE_NETDB_H 1
| #define HAVE_NETINET_IN_H 1
| #define HAVE_STDDEF_H 1
| #define HAVE_SYS_IOCTL_H 1
| #define HAVE_SYS_SOCKET_H 1
| #define HAVE_SYS_TIME_H 1
| #define HAVE_ERRNO_H 1
| #define SIZEOF_LONG_LONG 8
| #define SIZEOF_LONG 8
| #define HAVE___UINT128_T 1
| #define TLS __thread
| #define DEBUG 0
| /* end confdefs.h.  */
| #include <pthread.h>
|                         static void routine(void *a) { a = 0; }
|                         static void *start_routine(void *a) { return a; }
| int
| main ()
| {
| pthread_t th; pthread_attr_t attr;
|                         pthread_create(&th, 0, start_routine, 0);
|                         pthread_join(th, 0);
|                         pthread_attr_init(&attr);
|                         pthread_cleanup_push(routine, 0);
|                         pthread_cleanup_pop(0) /* ; */
|   ;
|   return 0;
| }
configure:18426: result: no
configure:18329: checking whether pthreads work with -kthread
configure:18417: gcc -o conftest -g -O2 -kthread  -fvisibility=hidden  conftest.c   >&5
gcc: error: unrecognized command line option '-kthread'
configure:18417: $? = 1
configure: failed program was:
| /* confdefs.h */
| #define PACKAGE_NAME "cyassl"
| #define PACKAGE_TARNAME "cyassl"
| #define PACKAGE_VERSION "3.3.2"
| #define PACKAGE_STRING "cyassl 3.3.2"
| #define PACKAGE_BUGREPORT "https://github.com/cyassl/cyassl/issues"
| #define PACKAGE_URL "http://www.wolfssl.com"
| #define STDC_HEADERS 1
| #define HAVE_SYS_TYPES_H 1
| #define HAVE_SYS_STAT_H 1
| #define HAVE_STDLIB_H 1
| #define HAVE_STRING_H 1
| #define HAVE_MEMORY_H 1
| #define HAVE_STRINGS_H 1
| #define HAVE_INTTYPES_H 1
| #define HAVE_STDINT_H 1
| #define HAVE_UNISTD_H 1
| #define HAVE_DLFCN_H 1
| #define LT_OBJDIR ".libs/"
| #define HAVE_VISIBILITY 1
| #define HAVE_GETHOSTBYNAME 1
| #define HAVE_GETADDRINFO 1
| #define HAVE_GETTIMEOFDAY 1
| #define HAVE_INET_NTOA 1
| #define HAVE_MEMSET 1
| #define HAVE_SOCKET 1
| #define HAVE_ARPA_INET_H 1
| #define HAVE_FCNTL_H 1
| #define HAVE_LIMITS_H 1
| #define HAVE_NETDB_H 1
| #define HAVE_NETINET_IN_H 1
| #define HAVE_STDDEF_H 1
| #define HAVE_SYS_IOCTL_H 1
| #define HAVE_SYS_SOCKET_H 1
| #define HAVE_SYS_TIME_H 1
| #define HAVE_ERRNO_H 1
| #define SIZEOF_LONG_LONG 8
| #define SIZEOF_LONG 8
| #define HAVE___UINT128_T 1
| #define TLS __thread
| #define DEBUG 0
| /* end confdefs.h.  */
| #include <pthread.h>
|                         static void routine(void *a) { a = 0; }
|                         static void *start_routine(void *a) { return a; }
| int
| main ()
| {
| pthread_t th; pthread_attr_t attr;
|                         pthread_create(&th, 0, start_routine, 0);
|                         pthread_join(th, 0);
|                         pthread_attr_init(&attr);
|                         pthread_cleanup_push(routine, 0);
|                         pthread_cleanup_pop(0) /* ; */
|   ;
|   return 0;
| }
configure:18426: result: no
configure:18379: checking for the pthreads library -llthread
configure:18417: gcc -o conftest -g -O2   -fvisibility=hidden  conftest.c -llthread  >&5
/usr/bin/ld: cannot find -llthread
collect2: error: ld returned 1 exit status
configure:18417: $? = 1
configure: failed program was:
| /* confdefs.h */
| #define PACKAGE_NAME "cyassl"
| #define PACKAGE_TARNAME "cyassl"
| #define PACKAGE_VERSION "3.3.2"
| #define PACKAGE_STRING "cyassl 3.3.2"
| #define PACKAGE_BUGREPORT "https://github.com/cyassl/cyassl/issues"
| #define PACKAGE_URL "http://www.wolfssl.com"
| #define STDC_HEADERS 1
| #define HAVE_SYS_TYPES_H 1
| #define HAVE_SYS_STAT_H 1
| #define HAVE_STDLIB_H 1
| #define HAVE_STRING_H 1
| #define HAVE_MEMORY_H 1
| #define HAVE_STRINGS_H 1
| #define HAVE_INTTYPES_H 1
| #define HAVE_STDINT_H 1
| #define HAVE_UNISTD_H 1
| #define HAVE_DLFCN_H 1
| #define LT_OBJDIR ".libs/"
| #define HAVE_VISIBILITY 1
| #define HAVE_GETHOSTBYNAME 1
| #define HAVE_GETADDRINFO 1
| #define HAVE_GETTIMEOFDAY 1
| #define HAVE_INET_NTOA 1
| #define HAVE_MEMSET 1
| #define HAVE_SOCKET 1
| #define HAVE_ARPA_INET_H 1
| #define HAVE_FCNTL_H 1
| #define HAVE_LIMITS_H 1
| #define HAVE_NETDB_H 1
| #define HAVE_NETINET_IN_H 1
| #define HAVE_STDDEF_H 1
| #define HAVE_SYS_IOCTL_H 1
| #define HAVE_SYS_SOCKET_H 1
| #define HAVE_SYS_TIME_H 1
| #define HAVE_ERRNO_H 1
| #define SIZEOF_LONG_LONG 8
| #define SIZEOF_LONG 8
| #define HAVE___UINT128_T 1
| #define TLS __thread
| #define DEBUG 0
| /* end confdefs.h.  */
| #include <pthread.h>
|                         static void routine(void *a) { a = 0; }
|                         static void *start_routine(void *a) { return a; }
| int
| main ()
| {
| pthread_t th; pthread_attr_t attr;
|                         pthread_create(&th, 0, start_routine, 0);
|                         pthread_join(th, 0);
|                         pthread_attr_init(&attr);
|                         pthread_cleanup_push(routine, 0);
|                         pthread_cleanup_pop(0) /* ; */
|   ;
|   return 0;
| }
configure:18426: result: no
configure:18329: checking whether pthreads work with -pthread
configure:18417: gcc -o conftest -g -O2 -pthread  -fvisibility=hidden  conftest.c   >&5
configure:18417: $? = 0
configure:18426: result: yes
configure:18445: checking for joinable pthread attribute
configure:18460: gcc -o conftest -g -O2 -pthread  -fvisibility=hidden  conftest.c   >&5
configure:18460: $? = 0
configure:18466: result: PTHREAD_CREATE_JOINABLE
configure:18476: checking if more special flags are required for pthreads
configure:18490: result: no
configure:18496: checking for PTHREAD_PRIO_INHERIT
configure:18514: gcc -o conftest -g -O2 -pthread  -fvisibility=hidden  conftest.c   >&5
configure:18514: $? = 0
configure:18523: result: yes
configure:21070: checking for library containing gethostbyname
configure:21101: gcc -o conftest -g -O2  -fvisibility=hidden  conftest.c   >&5
configure:21101: $? = 0
configure:21118: result: none required
configure:21126: checking for library containing socket
configure:21157: gcc -o conftest -g -O2  -fvisibility=hidden  conftest.c   >&5
configure:21157: $? = 0
configure:21174: result: none required
configure:21225: checking for vcs system
configure:21245: result: none
configure:21254: checking for vcs checkout
configure:21266: result: no
configure:21336: checking whether the linker accepts -Werror
configure:21355: gcc -o conftest -g -O2  -fvisibility=hidden   -Werror conftest.c   >&5
configure:21355: $? = 0
configure:21364: result: yes
configure:21378: checking whether the linker accepts -z relro -z now
configure:21397: gcc -o conftest -g -O2  -fvisibility=hidden  -Werror -z relro -z now conftest.c   >&5
configure:21397: $? = 0
configure:21407: result: yes
configure:21419: checking whether the linker accepts -pie
configure:21438: gcc -o conftest -g -O2  -fvisibility=hidden  -Werror -pie conftest.c   >&5
configure:21438: $? = 0
configure:21448: result: yes
configure:21461: checking whether C compiler accepts 
configure:21480: gcc -c -g -O2    -fvisibility=hidden conftest.c >&5
configure:21480: $? = 0
configure:21488: result: yes
configure:21506: : CFLAGS="$CFLAGS "
configure:21509: $? = 0
configure:21604: checking whether C compiler accepts -Werror
configure:21623: gcc -c   -Werror  -fvisibility=hidden conftest.c >&5
configure:21623: $? = 0
configure:21632: result: yes
configure:21645: : ax_append_compile_cflags_extra="$ax_append_compile_cflags_extra $flag"
configure:21648: $? = 0
configure:21864: checking whether C compiler accepts -Wno-pragmas
configure:21883: gcc -c   -Werror -Wno-pragmas  -fvisibility=hidden conftest.c >&5
configure:21883: $? = 0
configure:21892: result: yes
configure:21905: : CFLAGS="$CFLAGS $flag"
configure:21908: $? = 0
configure:21928: checking whether C compiler accepts -Wall
configure:21947: gcc -c  -Wno-pragmas  -Werror -Wall  -fvisibility=hidden conftest.c >&5
configure:21947: $? = 0
configure:21956: result: yes
configure:21969: : CFLAGS="$CFLAGS $flag"
configure:21972: $? = 0
configure:21991: checking whether C compiler accepts -Wno-strict-aliasing
configure:22010: gcc -c  -Wno-pragmas -Wall  -Werror -Wno-strict-aliasing  -fvisibility=hidden conftest.c >&5
configure:22010: $? = 0
configure:22019: result: yes
configure:22032: : CFLAGS="$CFLAGS $flag"
configure:22035: $? = 0
configure:22054: checking whether C compiler accepts -Wextra
configure:22073: gcc -c  -Wno-pragmas -Wall -Wno-strict-aliasing  -Werror -Wextra  -fvisibility=hidden conftest.c >&5
configure:22073: $? = 0
configure:22082: result: yes
configure:22095: : CFLAGS="$CFLAGS $flag"
configure:22098: $? = 0
configure:22117: checking whether C compiler accepts -Wunknown-pragmas
configure:22136: gcc -c  -Wno-pragmas -Wall -Wno-strict-aliasing -Wextra  -Werror -Wunknown-pragmas  -fvisibility=hidden conftest.c >&5
configure:22136: $? = 0
configure:22145: result: yes
configure:22158: : CFLAGS="$CFLAGS $flag"
configure:22161: $? = 0
configure:22180: checking whether C compiler accepts -Wthis-test-should-fail
configure:22199: gcc -c  -Wno-pragmas -Wall -Wno-strict-aliasing -Wextra -Wunknown-pragmas  -Werror -Wthis-test-should-fail  -fvisibility=hidden conftest.c >&5
gcc: error: unrecognized command line option '-Wthis-test-should-fail'
configure:22199: $? = 1
configure: failed program was:
| /* confdefs.h */
| #define PACKAGE_NAME "cyassl"
| #define PACKAGE_TARNAME "cyassl"
| #define PACKAGE_VERSION "3.3.2"
| #define PACKAGE_STRING "cyassl 3.3.2"
| #define PACKAGE_BUGREPORT "https://github.com/cyassl/cyassl/issues"
| #define PACKAGE_URL "http://www.wolfssl.com"
| #define STDC_HEADERS 1
| #define HAVE_SYS_TYPES_H 1
| #define HAVE_SYS_STAT_H 1
| #define HAVE_STDLIB_H 1
| #define HAVE_STRING_H 1
| #define HAVE_MEMORY_H 1
| #define HAVE_STRINGS_H 1
| #define HAVE_INTTYPES_H 1
| #define HAVE_STDINT_H 1
| #define HAVE_UNISTD_H 1
| #define HAVE_DLFCN_H 1
| #define LT_OBJDIR ".libs/"
| #define HAVE_VISIBILITY 1
| #define HAVE_GETHOSTBYNAME 1
| #define HAVE_GETADDRINFO 1
| #define HAVE_GETTIMEOFDAY 1
| #define HAVE_INET_NTOA 1
| #define HAVE_MEMSET 1
| #define HAVE_SOCKET 1
| #define HAVE_ARPA_INET_H 1
| #define HAVE_FCNTL_H 1
| #define HAVE_LIMITS_H 1
| #define HAVE_NETDB_H 1
| #define HAVE_NETINET_IN_H 1
| #define HAVE_STDDEF_H 1
| #define HAVE_SYS_IOCTL_H 1
| #define HAVE_SYS_SOCKET_H 1
| #define HAVE_SYS_TIME_H 1
| #define HAVE_ERRNO_H 1
| #define SIZEOF_LONG_LONG 8
| #define SIZEOF_LONG 8
| #define HAVE___UINT128_T 1
| #define TLS __thread
| #define DEBUG 0
| #define HAVE_PTHREAD_PRIO_INHERIT 1
| #define HAVE_PTHREAD 1
| #define VCS_SYSTEM "none"
| #define VCS_CHECKOUT 0
| /* end confdefs.h.  */
| 
| int
| main ()
| {
| 
|   ;
|   return 0;
| }
configure:22208: result: no
configure:22247: checking whether C compiler accepts --param=ssp-buffer-size=1
configure:22266: gcc -c  -Wno-pragmas -Wall -Wno-strict-aliasing -Wextra -Wunknown-pragmas  -Werror --param=ssp-buffer-size=1  -fvisibility=hidden conftest.c >&5
configure:22266: $? = 0
configure:22275: result: yes
configure:22288: : CFLAGS="$CFLAGS $flag"
configure:22291: $? = 0
configure:22312: checking whether C compiler accepts -Waddress
configure:22331: gcc -c  -Wno-pragmas -Wall -Wno-strict-aliasing -Wextra -Wunknown-pragmas --param=ssp-buffer-size=1  -Werror -Waddress  -fvisibility=hidden conftest.c >&5
configure:22331: $? = 0
configure:22340: result: yes
configure:22353: : CFLAGS="$CFLAGS $flag"
configure:22356: $? = 0
configure:22375: checking whether C compiler accepts -Warray-bounds
configure:22394: gcc -c  -Wno-pragmas -Wall -Wno-strict-aliasing -Wextra -Wunknown-pragmas --param=ssp-buffer-size=1 -Waddress  -Werror -Warray-bounds  -fvisibility=hidden conftest.c >&5
configure:22394: $? = 0
configure:22403: result: yes
configure:22416: : CFLAGS="$CFLAGS $flag"
configure:22419: $? = 0
configure:22438: checking whether C compiler accepts -Wbad-function-cast
configure:22457: gcc -c  -Wno-pragmas -Wall -Wno-strict-aliasing -Wextra -Wunknown-pragmas --param=ssp-buffer-size=1 -Waddress -Warray-bounds  -Werror -Wbad-function-cast  -fvisibility=hidden conftest.c >&5
configure:22457: $? = 0
configure:22466: result: yes
configure:22479: : CFLAGS="$CFLAGS $flag"
configure:22482: $? = 0
configure:22501: checking whether C compiler accepts -Wchar-subscripts
configure:22520: gcc -c  -Wno-pragmas -Wall -Wno-strict-aliasing -Wextra -Wunknown-pragmas --param=ssp-buffer-size=1 -Waddress -Warray-bounds -Wbad-function-cast  -Werror -Wchar-subscripts  -fvisibility=hidden conftest.c >&5
configure:22520: $? = 0
configure:22529: result: yes
configure:22542: : CFLAGS="$CFLAGS $flag"
configure:22545: $? = 0
configure:22564: checking whether C compiler accepts -Wcomment
configure:22583: gcc -c  -Wno-pragmas -Wall -Wno-strict-aliasing -Wextra -Wunknown-pragmas --param=ssp-buffer-size=1 -Waddress -Warray-bounds -Wbad-function-cast -Wchar-subscripts  -Werror -Wcomment  -fvisibility=hidden conftest.c >&5
configure:22583: $? = 0
configure:22592: result: yes
configure:22605: : CFLAGS="$CFLAGS $flag"
configure:22608: $? = 0
configure:22627: checking whether C compiler accepts -Wfloat-equal
configure:22646: gcc -c  -Wno-pragmas -Wall -Wno-strict-aliasing -Wextra -Wunknown-pragmas --param=ssp-buffer-size=1 -Waddress -Warray-bounds -Wbad-function-cast -Wchar-subscripts -Wcomment  -Werror -Wfloat-equal  -fvisibility=hidden conftest.c >&5
configure:22646: $? = 0
configure:22655: result: yes
configure:22668: : CFLAGS="$CFLAGS $flag"
configure:22671: $? = 0
configure:22690: checking whether C compiler accepts -Wformat-security
configure:22709: gcc -c  -Wno-pragmas -Wall -Wno-strict-aliasing -Wextra -Wunknown-pragmas --param=ssp-buffer-size=1 -Waddress -Warray-bounds -Wbad-function-cast -Wchar-subscripts -Wcomment -Wfloat-equal  -Werror -Wformat-security  -fvisibility=hidden conftest.c >&5
configure:22709: $? = 0
configure:22718: result: yes
configure:22731: : CFLAGS="$CFLAGS $flag"
configure:22734: $? = 0
configure:22753: checking whether C compiler accepts -Wformat=2
configure:22772: gcc -c  -Wno-pragmas -Wall -Wno-strict-aliasing -Wextra -Wunknown-pragmas --param=ssp-buffer-size=1 -Waddress -Warray-bounds -Wbad-function-cast -Wchar-subscripts -Wcomment -Wfloat-equal -Wformat-security  -Werror -Wformat=2  -fvisibility=hidden conftest.c >&5
configure:22772: $? = 0
configure:22781: result: yes
configure:22794: : CFLAGS="$CFLAGS $flag"
configure:22797: $? = 0
configure:22816: checking whether C compiler accepts -Wmaybe-uninitialized
configure:22835: gcc -c  -Wno-pragmas -Wall -Wno-strict-aliasing -Wextra -Wunknown-pragmas --param=ssp-buffer-size=1 -Waddress -Warray-bounds -Wbad-function-cast -Wchar-subscripts -Wcomment -Wfloat-equal -Wformat-security -Wformat=2  -Werror -Wmaybe-uninitialized  -fvisibility=hidden conftest.c >&5
configure:22835: $? = 0
configure:22844: result: yes
configure:22857: : CFLAGS="$CFLAGS $flag"
configure:22860: $? = 0
configure:22879: checking whether C compiler accepts -Wmissing-field-initializers
configure:22898: gcc -c  -Wno-pragmas -Wall -Wno-strict-aliasing -Wextra -Wunknown-pragmas --param=ssp-buffer-size=1 -Waddress -Warray-bounds -Wbad-function-cast -Wchar-subscripts -Wcomment -Wfloat-equal -Wformat-security -Wformat=2 -Wmaybe-uninitialized  -Werror -Wmissing-field-initializers  -fvisibility=hidden conftest.c >&5
configure:22898: $? = 0
configure:22907: result: yes
configure:22920: : CFLAGS="$CFLAGS $flag"
configure:22923: $? = 0
configure:22942: checking whether C compiler accepts -Wmissing-noreturn
configure:22961: gcc -c  -Wno-pragmas -Wall -Wno-strict-aliasing -Wextra -Wunknown-pragmas --param=ssp-buffer-size=1 -Waddress -Warray-bounds -Wbad-function-cast -Wchar-subscripts -Wcomment -Wfloat-equal -Wformat-security -Wformat=2 -Wmaybe-uninitialized -Wmissing-field-initializers  -Werror -Wmissing-noreturn  -fvisibility=hidden conftest.c >&5
configure:22961: $? = 0
configure:22970: result: yes
configure:22983: : CFLAGS="$CFLAGS $flag"
configure:22986: $? = 0
configure:23005: checking whether C compiler accepts -Wmissing-prototypes
configure:23024: gcc -c  -Wno-pragmas -Wall -Wno-strict-aliasing -Wextra -Wunknown-pragmas --param=ssp-buffer-size=1 -Waddress -Warray-bounds -Wbad-function-cast -Wchar-subscripts -Wcomment -Wfloat-equal -Wformat-security -Wformat=2 -Wmaybe-uninitialized -Wmissing-field-initializers -Wmissing-noreturn  -Werror -Wmissing-prototypes  -fvisibility=hidden conftest.c >&5
configure:23024: $? = 0
configure:23033: result: yes
configure:23046: : CFLAGS="$CFLAGS $flag"
configure:23049: $? = 0
configure:23068: checking whether C compiler accepts -Wnested-externs
configure:23087: gcc -c  -Wno-pragmas -Wall -Wno-strict-aliasing -Wextra -Wunknown-pragmas --param=ssp-buffer-size=1 -Waddress -Warray-bounds -Wbad-function-cast -Wchar-subscripts -Wcomment -Wfloat-equal -Wformat-security -Wformat=2 -Wmaybe-uninitialized -Wmissing-field-initializers -Wmissing-noreturn -Wmissing-prototypes  -Werror -Wnested-externs  -fvisibility=hidden conftest.c >&5
configure:23087: $? = 0
configure:23096: result: yes
configure:23109: : CFLAGS="$CFLAGS $flag"
configure:23112: $? = 0
configure:23131: checking whether C compiler accepts -Wnormalized=id
configure:23150: gcc -c  -Wno-pragmas -Wall -Wno-strict-aliasing -Wextra -Wunknown-pragmas --param=ssp-buffer-size=1 -Waddress -Warray-bounds -Wbad-function-cast -Wchar-subscripts -Wcomment -Wfloat-equal -Wformat-security -Wformat=2 -Wmaybe-uninitialized -Wmissing-field-initializers -Wmissing-noreturn -Wmissing-prototypes -Wnested-externs  -Werror -Wnormalized=id  -fvisibility=hidden conftest.c >&5
configure:23150: $? = 0
configure:23159: result: yes
configure:23172: : CFLAGS="$CFLAGS $flag"
configure:23175: $? = 0
configure:23194: checking whether C compiler accepts -Woverride-init
configure:23213: gcc -c  -Wno-pragmas -Wall -Wno-strict-aliasing -Wextra -Wunknown-pragmas --param=ssp-buffer-size=1 -Waddress -Warray-bounds -Wbad-function-cast -Wchar-subscripts -Wcomment -Wfloat-equal -Wformat-security -Wformat=2 -Wmaybe-uninitialized -Wmissing-field-initializers -Wmissing-noreturn -Wmissing-prototypes -Wnested-externs -Wnormalized=id  -Werror -Woverride-init  -fvisibility=hidden conftest.c >&5
configure:23213: $? = 0
configure:23222: result: yes
configure:23235: : CFLAGS="$CFLAGS $flag"
configure:23238: $? = 0
configure:23257: checking whether C compiler accepts -Wpointer-arith
configure:23276: gcc -c  -Wno-pragmas -Wall -Wno-strict-aliasing -Wextra -Wunknown-pragmas --param=ssp-buffer-size=1 -Waddress -Warray-bounds -Wbad-function-cast -Wchar-subscripts -Wcomment -Wfloat-equal -Wformat-security -Wformat=2 -Wmaybe-uninitialized -Wmissing-field-initializers -Wmissing-noreturn -Wmissing-prototypes -Wnested-externs -Wnormalized=id -Woverride-init  -Werror -Wpointer-arith  -fvisibility=hidden conftest.c >&5
configure:23276: $? = 0
configure:23285: result: yes
configure:23298: : CFLAGS="$CFLAGS $flag"
configure:23301: $? = 0
configure:23320: checking whether C compiler accepts -Wpointer-sign
configure:23339: gcc -c  -Wno-pragmas -Wall -Wno-strict-aliasing -Wextra -Wunknown-pragmas --param=ssp-buffer-size=1 -Waddress -Warray-bounds -Wbad-function-cast -Wchar-subscripts -Wcomment -Wfloat-equal -Wformat-security -Wformat=2 -Wmaybe-uninitialized -Wmissing-field-initializers -Wmissing-noreturn -Wmissing-prototypes -Wnested-externs -Wnormalized=id -Woverride-init -Wpointer-arith  -Werror -Wpointer-sign  -fvisibility=hidden conftest.c >&5
configure:23339: $? = 0
configure:23348: result: yes
configure:23361: : CFLAGS="$CFLAGS $flag"
configure:23364: $? = 0
configure:23383: checking whether C compiler accepts -Wredundant-decls
configure:23402: gcc -c  -Wno-pragmas -Wall -Wno-strict-aliasing -Wextra -Wunknown-pragmas --param=ssp-buffer-size=1 -Waddress -Warray-bounds -Wbad-function-cast -Wchar-subscripts -Wcomment -Wfloat-equal -Wformat-security -Wformat=2 -Wmaybe-uninitialized -Wmissing-field-initializers -Wmissing-noreturn -Wmissing-prototypes -Wnested-externs -Wnormalized=id -Woverride-init -Wpointer-arith -Wpointer-sign  -Werror -Wredundant-decls  -fvisibility=hidden conftest.c >&5
configure:23402: $? = 0
configure:23411: result: yes
configure:23424: : CFLAGS="$CFLAGS $flag"
configure:23427: $? = 0
configure:23446: checking whether C compiler accepts -Wshadow
configure:23465: gcc -c  -Wno-pragmas -Wall -Wno-strict-aliasing -Wextra -Wunknown-pragmas --param=ssp-buffer-size=1 -Waddress -Warray-bounds -Wbad-function-cast -Wchar-subscripts -Wcomment -Wfloat-equal -Wformat-security -Wformat=2 -Wmaybe-uninitialized -Wmissing-field-initializers -Wmissing-noreturn -Wmissing-prototypes -Wnested-externs -Wnormalized=id -Woverride-init -Wpointer-arith -Wpointer-sign -Wredundant-decls  -Werror -Wshadow  -fvisibility=hidden conftest.c >&5
configure:23465: $? = 0
configure:23474: result: yes
configure:23487: : CFLAGS="$CFLAGS $flag"
configure:23490: $? = 0
configure:23509: checking whether C compiler accepts -Wshorten-64-to-32
configure:23528: gcc -c  -Wno-pragmas -Wall -Wno-strict-aliasing -Wextra -Wunknown-pragmas --param=ssp-buffer-size=1 -Waddress -Warray-bounds -Wbad-function-cast -Wchar-subscripts -Wcomment -Wfloat-equal -Wformat-security -Wformat=2 -Wmaybe-uninitialized -Wmissing-field-initializers -Wmissing-noreturn -Wmissing-prototypes -Wnested-externs -Wnormalized=id -Woverride-init -Wpointer-arith -Wpointer-sign -Wredundant-decls -Wshadow  -Werror -Wshorten-64-to-32  -fvisibility=hidden conftest.c >&5
gcc: error: unrecognized command line option '-Wshorten-64-to-32'
configure:23528: $? = 1
configure: failed program was:
| /* confdefs.h */
| #define PACKAGE_NAME "cyassl"
| #define PACKAGE_TARNAME "cyassl"
| #define PACKAGE_VERSION "3.3.2"
| #define PACKAGE_STRING "cyassl 3.3.2"
| #define PACKAGE_BUGREPORT "https://github.com/cyassl/cyassl/issues"
| #define PACKAGE_URL "http://www.wolfssl.com"
| #define STDC_HEADERS 1
| #define HAVE_SYS_TYPES_H 1
| #define HAVE_SYS_STAT_H 1
| #define HAVE_STDLIB_H 1
| #define HAVE_STRING_H 1
| #define HAVE_MEMORY_H 1
| #define HAVE_STRINGS_H 1
| #define HAVE_INTTYPES_H 1
| #define HAVE_STDINT_H 1
| #define HAVE_UNISTD_H 1
| #define HAVE_DLFCN_H 1
| #define LT_OBJDIR ".libs/"
| #define HAVE_VISIBILITY 1
| #define HAVE_GETHOSTBYNAME 1
| #define HAVE_GETADDRINFO 1
| #define HAVE_GETTIMEOFDAY 1
| #define HAVE_INET_NTOA 1
| #define HAVE_MEMSET 1
| #define HAVE_SOCKET 1
| #define HAVE_ARPA_INET_H 1
| #define HAVE_FCNTL_H 1
| #define HAVE_LIMITS_H 1
| #define HAVE_NETDB_H 1
| #define HAVE_NETINET_IN_H 1
| #define HAVE_STDDEF_H 1
| #define HAVE_SYS_IOCTL_H 1
| #define HAVE_SYS_SOCKET_H 1
| #define HAVE_SYS_TIME_H 1
| #define HAVE_ERRNO_H 1
| #define SIZEOF_LONG_LONG 8
| #define SIZEOF_LONG 8
| #define HAVE___UINT128_T 1
| #define TLS __thread
| #define DEBUG 0
| #define HAVE_PTHREAD_PRIO_INHERIT 1
| #define HAVE_PTHREAD 1
| #define VCS_SYSTEM "none"
| #define VCS_CHECKOUT 0
| /* end confdefs.h.  */
| 
| int
| main ()
| {
| 
|   ;
|   return 0;
| }
configure:23537: result: no
configure:23572: checking whether C compiler accepts -Wsign-compare
configure:23591: gcc -c  -Wno-pragmas -Wall -Wno-strict-aliasing -Wextra -Wunknown-pragmas --param=ssp-buffer-size=1 -Waddress -Warray-bounds -Wbad-function-cast -Wchar-subscripts -Wcomment -Wfloat-equal -Wformat-security -Wformat=2 -Wmaybe-uninitialized -Wmissing-field-initializers -Wmissing-noreturn -Wmissing-prototypes -Wnested-externs -Wnormalized=id -Woverride-init -Wpointer-arith -Wpointer-sign -Wredundant-decls -Wshadow  -Werror -Wsign-compare  -fvisibility=hidden conftest.c >&5
configure:23591: $? = 0
configure:23600: result: yes
configure:23613: : CFLAGS="$CFLAGS $flag"
configure:23616: $? = 0
configure:23635: checking whether C compiler accepts -Wstrict-overflow=1
configure:23654: gcc -c  -Wno-pragmas -Wall -Wno-strict-aliasing -Wextra -Wunknown-pragmas --param=ssp-buffer-size=1 -Waddress -Warray-bounds -Wbad-function-cast -Wchar-subscripts -Wcomment -Wfloat-equal -Wformat-security -Wformat=2 -Wmaybe-uninitialized -Wmissing-field-initializers -Wmissing-noreturn -Wmissing-prototypes -Wnested-externs -Wnormalized=id -Woverride-init -Wpointer-arith -Wpointer-sign -Wredundant-decls -Wshadow -Wsign-compare  -Werror -Wstrict-overflow=1  -fvisibility=hidden conftest.c >&5
configure:23654: $? = 0
configure:23663: result: yes
configure:23676: : CFLAGS="$CFLAGS $flag"
configure:23679: $? = 0
configure:23698: checking whether C compiler accepts -Wstrict-prototypes
configure:23717: gcc -c  -Wno-pragmas -Wall -Wno-strict-aliasing -Wextra -Wunknown-pragmas --param=ssp-buffer-size=1 -Waddress -Warray-bounds -Wbad-function-cast -Wchar-subscripts -Wcomment -Wfloat-equal -Wformat-security -Wformat=2 -Wmaybe-uninitialized -Wmissing-field-initializers -Wmissing-noreturn -Wmissing-prototypes -Wnested-externs -Wnormalized=id -Woverride-init -Wpointer-arith -Wpointer-sign -Wredundant-decls -Wshadow -Wsign-compare -Wstrict-overflow=1  -Werror -Wstrict-prototypes  -fvisibility=hidden conftest.c >&5
conftest.c:49:1: error: function declaration isn't a prototype [-Werror=strict-prototypes]
 main ()
 ^
cc1: all warnings being treated as errors
configure:23717: $? = 1
configure: failed program was:
| /* confdefs.h */
| #define PACKAGE_NAME "cyassl"
| #define PACKAGE_TARNAME "cyassl"
| #define PACKAGE_VERSION "3.3.2"
| #define PACKAGE_STRING "cyassl 3.3.2"
| #define PACKAGE_BUGREPORT "https://github.com/cyassl/cyassl/issues"
| #define PACKAGE_URL "http://www.wolfssl.com"
| #define STDC_HEADERS 1
| #define HAVE_SYS_TYPES_H 1
| #define HAVE_SYS_STAT_H 1
| #define HAVE_STDLIB_H 1
| #define HAVE_STRING_H 1
| #define HAVE_MEMORY_H 1
| #define HAVE_STRINGS_H 1
| #define HAVE_INTTYPES_H 1
| #define HAVE_STDINT_H 1
| #define HAVE_UNISTD_H 1
| #define HAVE_DLFCN_H 1
| #define LT_OBJDIR ".libs/"
| #define HAVE_VISIBILITY 1
| #define HAVE_GETHOSTBYNAME 1
| #define HAVE_GETADDRINFO 1
| #define HAVE_GETTIMEOFDAY 1
| #define HAVE_INET_NTOA 1
| #define HAVE_MEMSET 1
| #define HAVE_SOCKET 1
| #define HAVE_ARPA_INET_H 1
| #define HAVE_FCNTL_H 1
| #define HAVE_LIMITS_H 1
| #define HAVE_NETDB_H 1
| #define HAVE_NETINET_IN_H 1
| #define HAVE_STDDEF_H 1
| #define HAVE_SYS_IOCTL_H 1
| #define HAVE_SYS_SOCKET_H 1
| #define HAVE_SYS_TIME_H 1
| #define HAVE_ERRNO_H 1
| #define SIZEOF_LONG_LONG 8
| #define SIZEOF_LONG 8
| #define HAVE___UINT128_T 1
| #define TLS __thread
| #define DEBUG 0
| #define HAVE_PTHREAD_PRIO_INHERIT 1
| #define HAVE_PTHREAD 1
| #define VCS_SYSTEM "none"
| #define VCS_CHECKOUT 0
| /* end confdefs.h.  */
| 
| int
| main ()
| {
| 
|   ;
|   return 0;
| }
configure:23726: result: no
configure:23761: checking whether C compiler accepts -Wswitch-enum
configure:23780: gcc -c  -Wno-pragmas -Wall -Wno-strict-aliasing -Wextra -Wunknown-pragmas --param=ssp-buffer-size=1 -Waddress -Warray-bounds -Wbad-function-cast -Wchar-subscripts -Wcomment -Wfloat-equal -Wformat-security -Wformat=2 -Wmaybe-uninitialized -Wmissing-field-initializers -Wmissing-noreturn -Wmissing-prototypes -Wnested-externs -Wnormalized=id -Woverride-init -Wpointer-arith -Wpointer-sign -Wredundant-decls -Wshadow -Wsign-compare -Wstrict-overflow=1  -Werror -Wswitch-enum  -fvisibility=hidden conftest.c >&5
configure:23780: $? = 0
configure:23789: result: yes
configure:23802: : CFLAGS="$CFLAGS $flag"
configure:23805: $? = 0
configure:23824: checking whether C compiler accepts -Wundef
configure:23843: gcc -c  -Wno-pragmas -Wall -Wno-strict-aliasing -Wextra -Wunknown-pragmas --param=ssp-buffer-size=1 -Waddress -Warray-bounds -Wbad-function-cast -Wchar-subscripts -Wcomment -Wfloat-equal -Wformat-security -Wformat=2 -Wmaybe-uninitialized -Wmissing-field-initializers -Wmissing-noreturn -Wmissing-prototypes -Wnested-externs -Wnormalized=id -Woverride-init -Wpointer-arith -Wpointer-sign -Wredundant-decls -Wshadow -Wsign-compare -Wstrict-overflow=1 -Wswitch-enum  -Werror -Wundef  -fvisibility=hidden conftest.c >&5
configure:23843: $? = 0
configure:23852: result: yes
configure:23865: : CFLAGS="$CFLAGS $flag"
configure:23868: $? = 0
configure:23887: checking whether C compiler accepts -Wunused
configure:23906: gcc -c  -Wno-pragmas -Wall -Wno-strict-aliasing -Wextra -Wunknown-pragmas --param=ssp-buffer-size=1 -Waddress -Warray-bounds -Wbad-function-cast -Wchar-subscripts -Wcomment -Wfloat-equal -Wformat-security -Wformat=2 -Wmaybe-uninitialized -Wmissing-field-initializers -Wmissing-noreturn -Wmissing-prototypes -Wnested-externs -Wnormalized=id -Woverride-init -Wpointer-arith -Wpointer-sign -Wredundant-decls -Wshadow -Wsign-compare -Wstrict-overflow=1 -Wswitch-enum -Wundef  -Werror -Wunused  -fvisibility=hidden conftest.c >&5
configure:23906: $? = 0
configure:23915: result: yes
configure:23928: : CFLAGS="$CFLAGS $flag"
configure:23931: $? = 0
configure:23950: checking whether C compiler accepts -Wunused-result
configure:23969: gcc -c  -Wno-pragmas -Wall -Wno-strict-aliasing -Wextra -Wunknown-pragmas --param=ssp-buffer-size=1 -Waddress -Warray-bounds -Wbad-function-cast -Wchar-subscripts -Wcomment -Wfloat-equal -Wformat-security -Wformat=2 -Wmaybe-uninitialized -Wmissing-field-initializers -Wmissing-noreturn -Wmissing-prototypes -Wnested-externs -Wnormalized=id -Woverride-init -Wpointer-arith -Wpointer-sign -Wredundant-decls -Wshadow -Wsign-compare -Wstrict-overflow=1 -Wswitch-enum -Wundef -Wunused  -Werror -Wunused-result  -fvisibility=hidden conftest.c >&5
configure:23969: $? = 0
configure:23978: result: yes
configure:23991: : CFLAGS="$CFLAGS $flag"
configure:23994: $? = 0
configure:24013: checking whether C compiler accepts -Wunused-variable
configure:24032: gcc -c  -Wno-pragmas -Wall -Wno-strict-aliasing -Wextra -Wunknown-pragmas --param=ssp-buffer-size=1 -Waddress -Warray-bounds -Wbad-function-cast -Wchar-subscripts -Wcomment -Wfloat-equal -Wformat-security -Wformat=2 -Wmaybe-uninitialized -Wmissing-field-initializers -Wmissing-noreturn -Wmissing-prototypes -Wnested-externs -Wnormalized=id -Woverride-init -Wpointer-arith -Wpointer-sign -Wredundant-decls -Wshadow -Wsign-compare -Wstrict-overflow=1 -Wswitch-enum -Wundef -Wunused -Wunused-result  -Werror -Wunused-variable  -fvisibility=hidden conftest.c >&5
configure:24032: $? = 0
configure:24041: result: yes
configure:24054: : CFLAGS="$CFLAGS $flag"
configure:24057: $? = 0
configure:24076: checking whether C compiler accepts -Wwrite-strings
configure:24095: gcc -c  -Wno-pragmas -Wall -Wno-strict-aliasing -Wextra -Wunknown-pragmas --param=ssp-buffer-size=1 -Waddress -Warray-bounds -Wbad-function-cast -Wchar-subscripts -Wcomment -Wfloat-equal -Wformat-security -Wformat=2 -Wmaybe-uninitialized -Wmissing-field-initializers -Wmissing-noreturn -Wmissing-prototypes -Wnested-externs -Wnormalized=id -Woverride-init -Wpointer-arith -Wpointer-sign -Wredundant-decls -Wshadow -Wsign-compare -Wstrict-overflow=1 -Wswitch-enum -Wundef -Wunused -Wunused-result -Wunused-variable  -Werror -Wwrite-strings  -fvisibility=hidden conftest.c >&5
configure:24095: $? = 0
configure:24104: result: yes
configure:24117: : CFLAGS="$CFLAGS $flag"
configure:24120: $? = 0
configure:24139: checking whether C compiler accepts -fwrapv
configure:24158: gcc -c  -Wno-pragmas -Wall -Wno-strict-aliasing -Wextra -Wunknown-pragmas --param=ssp-buffer-size=1 -Waddress -Warray-bounds -Wbad-function-cast -Wchar-subscripts -Wcomment -Wfloat-equal -Wformat-security -Wformat=2 -Wmaybe-uninitialized -Wmissing-field-initializers -Wmissing-noreturn -Wmissing-prototypes -Wnested-externs -Wnormalized=id -Woverride-init -Wpointer-arith -Wpointer-sign -Wredundant-decls -Wshadow -Wsign-compare -Wstrict-overflow=1 -Wswitch-enum -Wundef -Wunused -Wunused-result -Wunused-variable -Wwrite-strings  -Werror -fwrapv  -fvisibility=hidden conftest.c >&5
configure:24158: $? = 0
configure:24167: result: yes
configure:24180: : CFLAGS="$CFLAGS $flag"
configure:24183: $? = 0
configure:24202: checking whether C compiler accepts -fPIE
configure:24221: gcc -c  -Wno-pragmas -Wall -Wno-strict-aliasing -Wextra -Wunknown-pragmas --param=ssp-buffer-size=1 -Waddress -Warray-bounds -Wbad-function-cast -Wchar-subscripts -Wcomment -Wfloat-equal -Wformat-security -Wformat=2 -Wmaybe-uninitialized -Wmissing-field-initializers -Wmissing-noreturn -Wmissing-prototypes -Wnested-externs -Wnormalized=id -Woverride-init -Wpointer-arith -Wpointer-sign -Wredundant-decls -Wshadow -Wsign-compare -Wstrict-overflow=1 -Wswitch-enum -Wundef -Wunused -Wunused-result -Wunused-variable -Wwrite-strings -fwrapv  -Werror -fPIE  -fvisibility=hidden conftest.c >&5
configure:24221: $? = 0
configure:24230: result: yes
configure:24243: : CFLAGS="$CFLAGS $flag"
configure:24246: $? = 0
configure:24310: result: creating cyassl-config - generic 3.3.2 for -lcyassl
configure:24438: checking the number of available CPUs
configure:24481: result: 1 
configure:24494: adding automake macro support
configure:24498: creating aminclude.am
configure:24528: added jobserver support to make for 2 jobs
configure:24649: checking that generated files are newer than configure
configure:24655: result: done
configure:24887: creating ./config.status

## ---------------------- ##
## Running config.status. ##
## ---------------------- ##

This file was extended by cyassl config.status 3.3.2, which was
generated by GNU Autoconf 2.69.  Invocation command line was

  CONFIG_FILES    = 
  CONFIG_HEADERS  = 
  CONFIG_LINKS    = 
  CONFIG_COMMANDS = 
  $ ./config.status 

on cgm-VirtualBox

config.status:1288: creating stamp-h
config.status:1288: creating Makefile
config.status:1288: creating cyassl/version.h
config.status:1288: creating cyassl/options.h
config.status:1288: creating support/cyassl.pc
config.status:1288: creating rpm/spec
config.status:1288: creating config.h
config.status:1517: executing depfiles commands
config.status:1517: executing libtool commands

## ---------------- ##
## Cache variables. ##
## ---------------- ##

ac_cv_build=x86_64-unknown-linux-gnu
ac_cv_c_bigendian=no
ac_cv_c_compiler_gnu=yes
ac_cv_c_uint8_t=yes
ac_cv_cxx_compiler_gnu=yes
ac_cv_env_CCASFLAGS_set=
ac_cv_env_CCASFLAGS_value=
ac_cv_env_CCAS_set=
ac_cv_env_CCAS_value=
ac_cv_env_CCC_set=
ac_cv_env_CCC_value=
ac_cv_env_CC_set=
ac_cv_env_CC_value=
ac_cv_env_CFLAGS_set=
ac_cv_env_CFLAGS_value=
ac_cv_env_CPPFLAGS_set=
ac_cv_env_CPPFLAGS_value=
ac_cv_env_CPP_set=
ac_cv_env_CPP_value=
ac_cv_env_CXXCPP_set=
ac_cv_env_CXXCPP_value=
ac_cv_env_CXXFLAGS_set=
ac_cv_env_CXXFLAGS_value=
ac_cv_env_CXX_set=
ac_cv_env_CXX_value=
ac_cv_env_LDFLAGS_set=
ac_cv_env_LDFLAGS_value=
ac_cv_env_LIBS_set=
ac_cv_env_LIBS_value=
ac_cv_env_build_alias_set=
ac_cv_env_build_alias_value=
ac_cv_env_host_alias_set=set
ac_cv_env_host_alias_value=
ac_cv_env_target_alias_set=
ac_cv_env_target_alias_value=
ac_cv_func_getaddrinfo=yes
ac_cv_func_gethostbyname=yes
ac_cv_func_gettimeofday=yes
ac_cv_func_inet_ntoa=yes
ac_cv_func_memset=yes
ac_cv_func_socket=yes
ac_cv_header_arpa_inet_h=yes
ac_cv_header_dlfcn_h=yes
ac_cv_header_errno_h=yes
ac_cv_header_fcntl_h=yes
ac_cv_header_inttypes_h=yes
ac_cv_header_limits_h=yes
ac_cv_header_memory_h=yes
ac_cv_header_netdb_h=yes
ac_cv_header_netinet_in_h=yes
ac_cv_header_stdc=yes
ac_cv_header_stddef_h=yes
ac_cv_header_stdint_h=yes
ac_cv_header_stdlib_h=yes
ac_cv_header_string_h=yes
ac_cv_header_strings_h=yes
ac_cv_header_sys_ioctl_h=yes
ac_cv_header_sys_socket_h=yes
ac_cv_header_sys_stat_h=yes
ac_cv_header_sys_time_h=yes
ac_cv_header_sys_types_h=yes
ac_cv_header_unistd_h=yes
ac_cv_host=x86_64-unknown-linux-gnu
ac_cv_lib_m_cos=yes
ac_cv_lib_network_socket=no
ac_cv_objext=o
ac_cv_path_EGREP='/bin/grep -E'
ac_cv_path_FGREP='/bin/grep -F'
ac_cv_path_GREP=/bin/grep
ac_cv_path_SED=/bin/sed
ac_cv_path_install='/usr/bin/install -c'
ac_cv_path_mkdir=/bin/mkdir
ac_cv_prog_AWK=mawk
ac_cv_prog_CPP='gcc -E'
ac_cv_prog_CXXCPP='g++ -E'
ac_cv_prog_ac_ct_AR=ar
ac_cv_prog_ac_ct_CC=gcc
ac_cv_prog_ac_ct_CXX=g++
ac_cv_prog_ac_ct_MANIFEST_TOOL=mt
ac_cv_prog_ac_ct_OBJDUMP=objdump
ac_cv_prog_ac_ct_RANLIB=ranlib
ac_cv_prog_ac_ct_STRIP=strip
ac_cv_prog_cc_c89=
ac_cv_prog_cc_g=yes
ac_cv_prog_cc_gcc_c_o=yes
ac_cv_prog_cxx_g=yes
ac_cv_prog_make_make_set=yes
ac_cv_search_gethostbyname='none required'
ac_cv_search_socket='none required'
ac_cv_sizeof_long=8
ac_cv_sizeof_long_long=8
ac_cv_tls=__thread
ac_cv_type___uint128_t=yes
ac_cv_type_size_t=yes
ac_cv_vcs_checkout=no
ac_cv_vcs_system=none
ac_cv_warnings_as_errors=no
am_cv_CCAS_dependencies_compiler_type=gcc3
am_cv_CC_dependencies_compiler_type=gcc3
am_cv_CXX_dependencies_compiler_type=gcc3
am_cv_make_support_nested_variables=yes
am_cv_prog_cc_c_o=yes
am_cv_prog_tar_ustar=gnutar
ax_cv_PTHREAD_PRIO_INHERIT=yes
ax_cv_check_cflags__=yes
ax_cv_check_cflags__Waddress=yes
ax_cv_check_cflags__Wall=yes
ax_cv_check_cflags__Warray_bounds=yes
ax_cv_check_cflags__Wbad_function_cast=yes
ax_cv_check_cflags__Wchar_subscripts=yes
ax_cv_check_cflags__Wcomment=yes
ax_cv_check_cflags__Wextra=yes
ax_cv_check_cflags__Wfloat_equal=yes
ax_cv_check_cflags__Wformat_2=yes
ax_cv_check_cflags__Wformat_security=yes
ax_cv_check_cflags__Wmaybe_uninitialized=yes
ax_cv_check_cflags__Wmissing_field_initializers=yes
ax_cv_check_cflags__Wmissing_noreturn=yes
ax_cv_check_cflags__Wmissing_prototypes=yes
ax_cv_check_cflags__Wnested_externs=yes
ax_cv_check_cflags__Wno_pragmas=yes
ax_cv_check_cflags__Wno_strict_aliasing=yes
ax_cv_check_cflags__Wnormalized_id=yes
ax_cv_check_cflags__Woverride_init=yes
ax_cv_check_cflags__Wpointer_arith=yes
ax_cv_check_cflags__Wpointer_sign=yes
ax_cv_check_cflags__Wredundant_decls=yes
ax_cv_check_cflags__Wshadow=yes
ax_cv_check_cflags__Wshorten_64_to_32=no
ax_cv_check_cflags__Wsign_compare=yes
ax_cv_check_cflags__Wstrict_overflow_1=yes
ax_cv_check_cflags__Wstrict_prototypes=no
ax_cv_check_cflags__Wswitch_enum=yes
ax_cv_check_cflags__Wthis_test_should_fail=no
ax_cv_check_cflags__Wundef=yes
ax_cv_check_cflags__Wunknown_pragmas=yes
ax_cv_check_cflags__Wunused=yes
ax_cv_check_cflags__Wunused_result=yes
ax_cv_check_cflags__Wunused_variable=yes
ax_cv_check_cflags__Wwrite_strings=yes
ax_cv_check_cflags___Werror=yes
ax_cv_check_cflags___param_ssp_buffer_size_1=yes
ax_cv_check_cflags__fPIE=yes
ax_cv_check_cflags__fwrapv=yes
ax_cv_check_ldflags___Werror=yes
ax_cv_check_ldflags__pie=yes
ax_cv_check_ldflags__z_relro__z_now=yes
gl_cv_cc_vis_werror=yes
gl_cv_cc_visibility=yes
lt_cv_ar_at_file=@
lt_cv_deplibs_check_method=pass_all
lt_cv_file_magic_cmd='$MAGIC_CMD'
lt_cv_file_magic_test_file=
lt_cv_ld_reload_flag=-r
lt_cv_nm_interface='BSD nm'
lt_cv_objdir=.libs
lt_cv_path_LD=/usr/bin/ld
lt_cv_path_LDCXX='/usr/bin/ld -m elf_x86_64'
lt_cv_path_NM='/usr/bin/nm -B'
lt_cv_path_mainfest_tool=no
lt_cv_prog_compiler_c_o=yes
lt_cv_prog_compiler_c_o_CXX=yes
lt_cv_prog_compiler_pic='-fPIC -DPIC'
lt_cv_prog_compiler_pic_CXX='-fPIC -DPIC'
lt_cv_prog_compiler_pic_works=yes
lt_cv_prog_compiler_pic_works_CXX=yes
lt_cv_prog_compiler_rtti_exceptions=no
lt_cv_prog_compiler_static_works=yes
lt_cv_prog_compiler_static_works_CXX=yes
lt_cv_prog_gnu_ld=yes
lt_cv_prog_gnu_ldcxx=yes
lt_cv_sharedlib_from_linklib_cmd='printf %s\n'
lt_cv_shlibpath_overrides_runpath=no
lt_cv_sys_global_symbol_pipe='sed -n -e '\''s/^.*[	 ]\([ABCDGIRSTW][ABCDGIRSTW]*\)[	 ][	 ]*\([_A-Za-z][_A-Za-z0-9]*\)$/\1 \2 \2/p'\'' | sed '\''/ __gnu_lto/d'\'''
lt_cv_sys_global_symbol_to_c_name_address='sed -n -e '\''s/^: \([^ ]*\)[ ]*$/  {\"\1\", (void *) 0},/p'\'' -e '\''s/^[ABCDGIRSTW]* \([^ ]*\) \([^ ]*\)$/  {"\2", (void *) \&\2},/p'\'''
lt_cv_sys_global_symbol_to_c_name_address_lib_prefix='sed -n -e '\''s/^: \([^ ]*\)[ ]*$/  {\"\1\", (void *) 0},/p'\'' -e '\''s/^[ABCDGIRSTW]* \([^ ]*\) \(lib[^ ]*\)$/  {"\2", (void *) \&\2},/p'\'' -e '\''s/^[ABCDGIRSTW]* \([^ ]*\) \([^ ]*\)$/  {"lib\2", (void *) \&\2},/p'\'''
lt_cv_sys_global_symbol_to_cdecl='sed -n -e '\''s/^T .* \(.*\)$/extern int \1();/p'\'' -e '\''s/^[ABCDGIRSTW]* .* \(.*\)$/extern char \1;/p'\'''
lt_cv_sys_max_cmd_len=1572864
lt_cv_to_host_file_cmd=func_convert_file_noop
lt_cv_to_tool_file_cmd=func_convert_file_noop

## ----------------- ##
## Output variables. ##
## ----------------- ##

ACLOCAL='${SHELL} /home/cgm/libexositehttp/ext-library/cyassl/build-aux/missing aclocal-1.14'
AMDEPBACKSLASH='\'
AMDEP_FALSE='#'
AMDEP_TRUE=''
AMINCLUDE='aminclude.am'
AMTAR='$${TAR-tar}'
AM_BACKSLASH='\'
AM_CFLAGS='-D_POSIX_THREADS  -DHAVE_THREAD_LS -DNDEBUG -pthread -DNO_DSA -DNO_PSK -DNO_DH -DNO_MD4 -DNO_PWDBASED -DNO_HC128 -DNO_RABBIT -DHAVE_HASHDRBG -DUSE_FAST_MATH -Wall -Wno-unused -O2 -fomit-frame-pointer'
AM_CPPFLAGS=' -fvisibility=hidden'
AM_DEFAULT_V='$(AM_DEFAULT_VERBOSITY)'
AM_DEFAULT_VERBOSITY='0'
AM_LDFLAGS=''
AM_V='$(V)'
AR='ar'
AUTOCONF='${SHELL} /home/cgm/libexositehttp/ext-library/cyassl/build-aux/missing autoconf'
AUTOHEADER='${SHELL} /home/cgm/libexositehttp/ext-library/cyassl/build-aux/missing autoheader'
AUTOMAKE='${SHELL} /home/cgm/libexositehttp/ext-library/cyassl/build-aux/missing automake-1.14'
AWK='mawk'
BUILD_AESCCM_FALSE=''
BUILD_AESCCM_TRUE='#'
BUILD_AESGCM_FALSE=''
BUILD_AESGCM_TRUE='#'
BUILD_AESNI_FALSE=''
BUILD_AESNI_TRUE='#'
BUILD_AES_FALSE='#'
BUILD_AES_TRUE=''
BUILD_ASN_FALSE='#'
BUILD_ASN_TRUE=''
BUILD_BLAKE2_FALSE=''
BUILD_BLAKE2_TRUE='#'
BUILD_CAMELLIA_FALSE=''
BUILD_CAMELLIA_TRUE='#'
BUILD_CHACHA_FALSE=''
BUILD_CHACHA_TRUE='#'
BUILD_CODING_FALSE='#'
BUILD_CODING_TRUE=''
BUILD_CRL_FALSE=''
BUILD_CRL_MONITOR_FALSE=''
BUILD_CRL_MONITOR_TRUE='#'
BUILD_CRL_TRUE='#'
BUILD_DES3_FALSE='#'
BUILD_DES3_TRUE=''
BUILD_DH_FALSE=''
BUILD_DH_TRUE='#'
BUILD_DSA_FALSE=''
BUILD_DSA_TRUE='#'
BUILD_ECC_FALSE=''
BUILD_ECC_TRUE='#'
BUILD_EXAMPLES_FALSE='#'
BUILD_EXAMPLES_TRUE=''
BUILD_FASTMATH_FALSE='#'
BUILD_FASTMATH_TRUE=''
BUILD_FIPS_FALSE=''
BUILD_FIPS_TRUE='#'
BUILD_HC128_FALSE=''
BUILD_HC128_TRUE='#'
BUILD_INLINE_FALSE='#'
BUILD_INLINE_TRUE=''
BUILD_LEANPSK_FALSE=''
BUILD_LEANPSK_TRUE='#'
BUILD_LIBZ_FALSE=''
BUILD_LIBZ_TRUE='#'
BUILD_MCAPI_FALSE=''
BUILD_MCAPI_TRUE='#'
BUILD_MD2_FALSE=''
BUILD_MD2_TRUE='#'
BUILD_MD4_FALSE=''
BUILD_MD4_TRUE='#'
BUILD_MD5_FALSE='#'
BUILD_MD5_TRUE=''
BUILD_MEMORY_FALSE='#'
BUILD_MEMORY_TRUE=''
BUILD_NTRU_FALSE=''
BUILD_NTRU_TRUE='#'
BUILD_OCSP_FALSE=''
BUILD_OCSP_TRUE='#'
BUILD_PKCS7_FALSE=''
BUILD_PKCS7_TRUE='#'
BUILD_POLY1305_FALSE=''
BUILD_POLY1305_TRUE='#'
BUILD_PWDBASED_FALSE=''
BUILD_PWDBASED_TRUE='#'
BUILD_RABBIT_FALSE=''
BUILD_RABBIT_TRUE='#'
BUILD_RC4_FALSE='#'
BUILD_RC4_TRUE=''
BUILD_RIPEMD_FALSE=''
BUILD_RIPEMD_TRUE='#'
BUILD_RSA_FALSE='#'
BUILD_RSA_TRUE=''
BUILD_SHA512_FALSE=''
BUILD_SHA512_TRUE='#'
BUILD_SHA_FALSE='#'
BUILD_SHA_TRUE=''
BUILD_SLOWMATH_FALSE=''
BUILD_SLOWMATH_TRUE='#'
BUILD_SNIFFER_FALSE=''
BUILD_SNIFFER_TRUE='#'
BUILD_SNIFFTEST_FALSE=''
BUILD_SNIFFTEST_TRUE='#'
CC='gcc'
CCAS='gcc'
CCASDEPMODE='depmode=gcc3'
CCASFLAGS='-g -O2'
CCDEPMODE='depmode=gcc3'
CFLAGS=' -Wno-pragmas -Wall -Wno-strict-aliasing -Wextra -Wunknown-pragmas --param=ssp-buffer-size=1 -Waddress -Warray-bounds -Wbad-function-cast -Wchar-subscripts -Wcomment -Wfloat-equal -Wformat-security -Wformat=2 -Wmaybe-uninitialized -Wmissing-field-initializers -Wmissing-noreturn -Wmissing-prototypes -Wnested-externs -Wnormalized=id -Woverride-init -Wpointer-arith -Wpointer-sign -Wredundant-decls -Wshadow -Wsign-compare -Wstrict-overflow=1 -Wswitch-enum -Wundef -Wunused -Wunused-result -Wunused-variable -Wwrite-strings -fwrapv -fPIE '
CFLAG_VISIBILITY='-fvisibility=hidden'
CPP='gcc -E'
CPPFLAGS=' -fvisibility=hidden'
CXX='g++'
CXXCPP='g++ -E'
CXXDEPMODE='depmode=gcc3'
CXXFLAGS='-g -O2'
CYASSL_LIBRARY_VERSION='6:0:1'
CYGPATH_W='echo'
DEBUG_FALSE=''
DEBUG_TRUE='#'
DEFS='-DHAVE_CONFIG_H'
DEPDIR='.deps'
DLLTOOL='false'
DSYMUTIL=''
DUMPBIN=''
ECHO_C=''
ECHO_N='-n'
ECHO_T=''
EGREP='/bin/grep -E'
EXEEXT=''
FGREP='/bin/grep -F'
GENERIC_CONFIG='cyassl-config'
GREP='/bin/grep'
HAVE_OPENSSL_CMD=''
HAVE_VALGRIND=''
HAVE_VISIBILITY='1'
HEX_VERSION='0x03003002'
INC_AMINCLUDE='include $(top_builddir)/aminclude.am'
INSTALL_DATA='${INSTALL} -m 644'
INSTALL_PROGRAM='${INSTALL}'
INSTALL_SCRIPT='${INSTALL}'
INSTALL_STRIP_PROGRAM='$(install_sh) -c -s'
IS_VCS_CHECKOUT_FALSE=''
IS_VCS_CHECKOUT_TRUE='#'
LD='/usr/bin/ld -m elf_x86_64'
LDFLAGS=''
LIBM='-lm'
LIBOBJS=''
LIBS=' '
LIBTOOL='$(SHELL) $(top_builddir)/libtool'
LIPO=''
LN_S='ln -s'
LTLIBOBJS=''
MAKEINFO='${SHELL} /home/cgm/libexositehttp/ext-library/cyassl/build-aux/missing makeinfo'
MANIFEST_TOOL=':'
MCHECK=''
MKDIR_P='/bin/mkdir -p'
NM='/usr/bin/nm -B'
NMEDIT=''
OBJDUMP='objdump'
OBJEXT='o'
OTOOL64=''
OTOOL=''
PACKAGE='cyassl'
PACKAGE_BUGREPORT='https://github.com/cyassl/cyassl/issues'
PACKAGE_NAME='cyassl'
PACKAGE_STRING='cyassl 3.3.2'
PACKAGE_TARNAME='cyassl'
PACKAGE_URL='http://www.wolfssl.com'
PACKAGE_VERSION='3.3.2'
PATH_SEPARATOR=':'
PTHREAD_CC='gcc'
PTHREAD_CFLAGS='-pthread'
PTHREAD_LIBS=''
RANLIB='ranlib'
SED='/bin/sed'
SET_MAKE=''
SHELL='/bin/bash'
STRIP='strip'
USE_VALGRIND_FALSE=''
USE_VALGRIND_TRUE='#'
VERSION='3.3.2'
ac_ct_AR='ar'
ac_ct_CC='gcc'
ac_ct_CXX='g++'
ac_ct_DUMPBIN=''
am__EXEEXT_FALSE=''
am__EXEEXT_TRUE='#'
am__fastdepCCAS_FALSE='#'
am__fastdepCCAS_TRUE=''
am__fastdepCC_FALSE='#'
am__fastdepCC_TRUE=''
am__fastdepCXX_FALSE='#'
am__fastdepCXX_TRUE=''
am__include='include'
am__isrc=''
am__leading_dot='.'
am__nodep='_no'
am__quote=''
am__tar='tar --format=ustar -chf - "$$tardir"'
am__untar='tar -xf -'
ax_pthread_config=''
bindir='${exec_prefix}/bin'
build='x86_64-unknown-linux-gnu'
build_alias=''
build_cpu='x86_64'
build_os='linux-gnu'
build_vendor='unknown'
datadir='${datarootdir}'
datarootdir='${prefix}/share'
docdir='${datarootdir}/doc/${PACKAGE_TARNAME}'
dvidir='${docdir}'
exec_prefix='${prefix}'
host='x86_64-unknown-linux-gnu'
host_alias=''
host_cpu='x86_64'
host_os='linux-gnu'
host_vendor='unknown'
htmldir='${docdir}'
includedir='${prefix}/include'
infodir='${datarootdir}/info'
install_sh='${SHELL} /home/cgm/libexositehttp/ext-library/cyassl/build-aux/install-sh'
libdir='${exec_prefix}/lib'
libexecdir='${exec_prefix}/libexec'
localedir='${datarootdir}/locale'
localstatedir='${prefix}/var'
mandir='${datarootdir}/man'
mkdir_p='$(MKDIR_P)'
oldincludedir='/usr/include'
pdfdir='${docdir}'
prefix='/home/cgm/libexositehttp/ext-library/cyassl/../..'
program_transform_name='s,x,x,'
psdir='${docdir}'
sbindir='${exec_prefix}/sbin'
sharedstatedir='${prefix}/com'
sysconfdir='${prefix}/etc'
target_alias=''

## ----------- ##
## confdefs.h. ##
## ----------- ##

/* confdefs.h */
#define PACKAGE_NAME "cyassl"
#define PACKAGE_TARNAME "cyassl"
#define PACKAGE_VERSION "3.3.2"
#define PACKAGE_STRING "cyassl 3.3.2"
#define PACKAGE_BUGREPORT "https://github.com/cyassl/cyassl/issues"
#define PACKAGE_URL "http://www.wolfssl.com"
#define STDC_HEADERS 1
#define HAVE_SYS_TYPES_H 1
#define HAVE_SYS_STAT_H 1
#define HAVE_STDLIB_H 1
#define HAVE_STRING_H 1
#define HAVE_MEMORY_H 1
#define HAVE_STRINGS_H 1
#define HAVE_INTTYPES_H 1
#define HAVE_STDINT_H 1
#define HAVE_UNISTD_H 1
#define HAVE_DLFCN_H 1
#define LT_OBJDIR ".libs/"
#define HAVE_VISIBILITY 1
#define HAVE_GETHOSTBYNAME 1
#define HAVE_GETADDRINFO 1
#define HAVE_GETTIMEOFDAY 1
#define HAVE_INET_NTOA 1
#define HAVE_MEMSET 1
#define HAVE_SOCKET 1
#define HAVE_ARPA_INET_H 1
#define HAVE_FCNTL_H 1
#define HAVE_LIMITS_H 1
#define HAVE_NETDB_H 1
#define HAVE_NETINET_IN_H 1
#define HAVE_STDDEF_H 1
#define HAVE_SYS_IOCTL_H 1
#define HAVE_SYS_SOCKET_H 1
#define HAVE_SYS_TIME_H 1
#define HAVE_ERRNO_H 1
#define SIZEOF_LONG_LONG 8
#define SIZEOF_LONG 8
#define HAVE___UINT128_T 1
#define TLS __thread
#define DEBUG 0
#define HAVE_PTHREAD_PRIO_INHERIT 1
#define HAVE_PTHREAD 1
#define VCS_SYSTEM "none"
#define VCS_CHECKOUT 0

configure: exit 0
